48.7229 	WARNING 	User requested fullscreen with size [800 600], but screen is actually [1366, 768]. Using actual size
50.4309 	WARNING 	TextStim.alignHoriz is deprecated. Use alignText and anchorHoriz attributes instead
50.4319 	WARNING 	TextStim.alignHoriz is deprecated. Use alignText and anchorHoriz attributes instead
50.4333 	WARNING 	TextStim.alignHoriz is deprecated. Use alignText and anchorHoriz attributes instead
50.4345 	WARNING 	TextStim.alignHoriz is deprecated. Use alignText and anchorHoriz attributes instead
50.4367 	WARNING 	TextStim.alignHoriz is deprecated. Use alignText and anchorHoriz attributes instead
0.0003 	DATA 	START
8.0041 	DATA 	Displaying Round 1 label
10.0167 	DATA 	Starting Round 1
11.4173 	DATA 	Keypress: b
11.4645 	DATA 	Keypress: b
11.6168 	DATA 	round 1 - trial 0 - throw: 1to2 - FBALL
12.4116 	DATA 	PLAYER HAS BALL
13.1753 	DATA 	Keypress: c
13.1754 	DATA 	PLAYER THROWS TO 3 - RT 0.7639
13.1755 	DATA 	round 1 - trial 1 - throw: 2to3 - FBALL
17.1767 	DATA 	Keypress: b
17.1773 	DATA 	Keypress: b
17.3759 	DATA 	round 1 - trial 2 - throw: 3to2 - FBALL
18.1521 	DATA 	PLAYER HAS BALL
18.6153 	DATA 	Keypress: b
18.6155 	DATA 	PLAYER THROWS TO 1 - RT 0.4634
18.6155 	DATA 	round 1 - trial 3 - throw: 2to1 - FBALL
18.8406 	DATA 	Keypress: b
20.4686 	DATA 	round 1 - trial 4 - throw: 1to3 - FBALL
22.4780 	DATA 	round 1 - trial 5 - throw: 3to1 - FBALL
26.5347 	DATA 	round 1 - trial 6 - throw: 1to3 - FBALL
29.2951 	DATA 	round 1 - trial 7 - throw: 3to2 - FBALL
30.0661 	DATA 	PLAYER HAS BALL
30.4387 	DATA 	Keypress: c
30.4388 	DATA 	PLAYER THROWS TO 3 - RT 0.3727
30.4388 	DATA 	round 1 - trial 8 - throw: 2to3 - FBALL
31.6699 	DATA 	round 1 - trial 9 - throw: 3to1 - FBALL
33.8025 	DATA 	round 1 - trial 10 - throw: 1to3 - FBALL
36.2541 	DATA 	round 1 - trial 11 - throw: 3to2 - FBALL
37.0207 	DATA 	PLAYER HAS BALL
37.2714 	DATA 	Keypress: b
37.2716 	DATA 	PLAYER THROWS TO 1 - RT 0.2509
37.2716 	DATA 	round 1 - trial 12 - throw: 2to1 - FBALL
37.4812 	DATA 	Keypress: b
39.9925 	DATA 	round 1 - trial 13 - throw: 1to2 - FBALL
40.7661 	DATA 	PLAYER HAS BALL
41.0795 	DATA 	Keypress: c
41.0797 	DATA 	PLAYER THROWS TO 3 - RT 0.3135
41.0797 	DATA 	round 1 - trial 14 - throw: 2to3 - FBALL
42.9697 	DATA 	round 1 - trial 15 - throw: 3to2 - FBALL
43.7388 	DATA 	PLAYER HAS BALL
43.9211 	DATA 	Keypress: b
43.9213 	DATA 	PLAYER THROWS TO 1 - RT 0.1825
43.9213 	DATA 	round 1 - trial 16 - throw: 2to1 - FBALL
44.1304 	DATA 	Keypress: b
45.8552 	DATA 	round 1 - trial 17 - throw: 1to3 - FBALL
49.5184 	DATA 	round 1 - trial 18 - throw: 3to2 - FBALL
50.2864 	DATA 	PLAYER HAS BALL
50.7353 	DATA 	Keypress: c
50.7354 	DATA 	PLAYER THROWS TO 3 - RT 0.4490
50.7354 	DATA 	round 1 - trial 19 - throw: 2to3 - FBALL
52.9666 	DATA 	round 1 - trial 20 - throw: 3to1 - FBALL
54.8576 	DATA 	round 1 - trial 21 - throw: 1to2 - FBALL
55.6419 	DATA 	PLAYER HAS BALL
55.9843 	DATA 	Keypress: b
55.9844 	DATA 	PLAYER THROWS TO 1 - RT 0.3425
55.9844 	DATA 	round 1 - trial 22 - throw: 2to1 - FBALL
56.1765 	DATA 	Keypress: b
57.4658 	DATA 	round 1 - trial 23 - throw: 1to2 - FBALL
58.2374 	DATA 	PLAYER HAS BALL
58.5364 	DATA 	Keypress: c
58.5365 	DATA 	PLAYER THROWS TO 3 - RT 0.2992
58.5366 	DATA 	round 1 - trial 24 - throw: 2to3 - FBALL
60.4389 	DATA 	round 1 - trial 25 - throw: 3to2 - FBALL
61.2095 	DATA 	PLAYER HAS BALL
61.4171 	DATA 	Keypress: b
61.4173 	DATA 	PLAYER THROWS TO 1 - RT 0.2078
61.4173 	DATA 	round 1 - trial 26 - throw: 2to1 - FBALL
61.6487 	DATA 	Keypress: b
64.0670 	DATA 	round 1 - trial 27 - throw: 1to2 - FBALL
64.8447 	DATA 	PLAYER HAS BALL
64.9677 	DATA 	Keypress: c
64.9678 	DATA 	PLAYER THROWS TO 3 - RT 0.1231
64.9678 	DATA 	round 1 - trial 28 - throw: 2to3 - FBALL
68.5521 	DATA 	round 1 - trial 29 - throw: 3to1 - FBALL
70.2451 	DATA 	round 1 - trial 30 - throw: 1to2 - FBALL
71.0215 	DATA 	PLAYER HAS BALL
71.3439 	DATA 	Keypress: c
71.3440 	DATA 	PLAYER THROWS TO 3 - RT 0.3226
71.3441 	DATA 	round 1 - trial 31 - throw: 2to3 - FBALL
72.9464 	DATA 	round 1 - trial 32 - throw: 3to2 - FBALL
73.7144 	DATA 	PLAYER HAS BALL
73.8495 	DATA 	Keypress: b
73.8496 	DATA 	PLAYER THROWS TO 1 - RT 0.1352
73.8497 	DATA 	round 1 - trial 33 - throw: 2to1 - FBALL
74.0814 	DATA 	Keypress: b
76.0998 	DATA 	round 1 - trial 34 - throw: 1to2 - FBALL
76.8694 	DATA 	PLAYER HAS BALL
77.0324 	DATA 	Keypress: c
77.0325 	DATA 	PLAYER THROWS TO 3 - RT 0.1631
77.0325 	DATA 	round 1 - trial 35 - throw: 2to3 - FBALL
78.9401 	DATA 	round 1 - trial 36 - throw: 3to1 - FBALL
81.7326 	DATA 	round 1 - trial 37 - throw: 1to2 - FBALL
82.5004 	DATA 	PLAYER HAS BALL
82.8879 	DATA 	Keypress: c
82.8880 	DATA 	PLAYER THROWS TO 3 - RT 0.3876
82.8880 	DATA 	round 1 - trial 38 - throw: 2to3 - FBALL
86.6167 	DATA 	round 1 - trial 39 - throw: 3to2 - FBALL
87.3851 	DATA 	PLAYER HAS BALL
87.5680 	DATA 	Keypress: b
87.5681 	DATA 	PLAYER THROWS TO 1 - RT 0.1830
87.5681 	DATA 	round 1 - trial 40 - throw: 2to1 - FBALL
87.8072 	DATA 	Keypress: b
89.8096 	DATA 	round 1 - trial 41 - throw: 1to3 - FBALL
93.7659 	DATA 	round 1 - trial 42 - throw: 3to2 - FBALL
94.5350 	DATA 	PLAYER HAS BALL
95.0252 	DATA 	Keypress: b
95.0254 	DATA 	PLAYER THROWS TO 1 - RT 0.4904
95.0254 	DATA 	round 1 - trial 43 - throw: 2to1 - FBALL
95.2295 	DATA 	Keypress: b
97.6634 	DATA 	round 1 - trial 44 - throw: 1to2 - FBALL
98.4391 	DATA 	PLAYER HAS BALL
98.5526 	DATA 	Keypress: c
98.5527 	DATA 	PLAYER THROWS TO 3 - RT 0.1135
98.5527 	DATA 	round 1 - trial 45 - throw: 2to3 - FBALL
100.4767 	DATA 	round 1 - trial 46 - throw: 3to1 - FBALL
102.2091 	DATA 	round 1 - trial 47 - throw: 1to3 - FBALL
103.9026 	DATA 	round 1 - trial 48 - throw: 3to1 - FBALL
107.5808 	DATA 	round 1 - trial 49 - throw: 1to3 - FBALL
109.7790 	DATA 	round 1 - trial 50 - throw: 3to1 - FBALL
111.5731 	DATA 	round 1 - trial 51 - throw: 1to3 - FBALL
114.2064 	DATA 	round 1 - trial 52 - throw: 3to1 - FBALL
116.2205 	DATA 	round 1 - trial 53 - throw: 1to2 - FBALL
116.9997 	DATA 	PLAYER HAS BALL
117.6019 	DATA 	Keypress: b
117.6021 	DATA 	PLAYER THROWS TO 1 - RT 0.6024
117.6021 	DATA 	round 1 - trial 54 - throw: 2to1 - FBALL
117.8326 	DATA 	Keypress: b
120.5263 	DATA 	round 1 - trial 55 - throw: 1to2 - FBALL
121.2954 	DATA 	PLAYER HAS BALL
121.7123 	DATA 	Keypress: c
121.7124 	DATA 	PLAYER THROWS TO 3 - RT 0.4170
121.7124 	DATA 	round 1 - trial 56 - throw: 2to3 - FBALL
124.1493 	DATA 	round 1 - trial 57 - throw: 3to1 - FBALL
128.4701 	DATA 	round 1 - trial 58 - throw: 1to2 - FBALL
129.2393 	DATA 	PLAYER HAS BALL
129.5129 	DATA 	Keypress: c
129.5130 	DATA 	PLAYER THROWS TO 3 - RT 0.2737
129.5130 	DATA 	round 1 - trial 59 - throw: 2to3 - FBALL
131.5291 	DATA 	round 1 - trial 60 - throw: 3to1 - FBALL
134.0302 	DATA 	round 1 - trial 61 - throw: 1to3 - FBALL
137.5365 	DATA 	round 1 - trial 62 - throw: 3to2 - FBALL
138.3055 	DATA 	PLAYER HAS BALL
138.5692 	DATA 	Keypress: b
138.5695 	DATA 	PLAYER THROWS TO 1 - RT 0.2640
138.5695 	DATA 	round 1 - trial 63 - throw: 2to1 - FBALL
138.8264 	DATA 	Keypress: b
140.7368 	DATA 	round 1 - trial 64 - throw: 1to3 - FBALL
142.5851 	DATA 	round 1 - trial 65 - throw: 3to1 - FBALL
145.4462 	DATA 	round 1 - trial 66 - throw: 1to2 - FBALL
146.2232 	DATA 	PLAYER HAS BALL
146.4243 	DATA 	Keypress: c
146.4244 	DATA 	PLAYER THROWS TO 3 - RT 0.2011
146.4244 	DATA 	round 1 - trial 67 - throw: 2to3 - FBALL
148.6108 	DATA 	round 1 - trial 68 - throw: 3to1 - FBALL
151.9331 	DATA 	round 1 - trial 69 - throw: 1to3 - FBALL
155.2510 	DATA 	round 1 - trial 70 - throw: 3to2 - FBALL
156.0193 	DATA 	PLAYER HAS BALL
156.2083 	DATA 	Keypress: b
156.2084 	DATA 	PLAYER THROWS TO 1 - RT 0.1891
156.2085 	DATA 	round 1 - trial 71 - throw: 2to1 - FBALL
156.4901 	DATA 	Keypress: b
160.0623 	DATA 	round 1 - trial 72 - throw: 1to2 - FBALL
160.8442 	DATA 	PLAYER HAS BALL
161.1208 	DATA 	Keypress: c
161.1209 	DATA 	PLAYER THROWS TO 3 - RT 0.2767
161.1210 	DATA 	round 1 - trial 73 - throw: 2to3 - FBALL
163.8684 	DATA 	round 1 - trial 74 - throw: 3to2 - FBALL
164.6395 	DATA 	PLAYER HAS BALL
164.9941 	DATA 	Keypress: b
164.9943 	DATA 	PLAYER THROWS TO 1 - RT 0.3549
164.9944 	DATA 	round 1 - trial 75 - throw: 2to1 - FBALL
165.2563 	DATA 	Keypress: b
166.8499 	DATA 	round 1 - trial 76 - throw: 1to2 - FBALL
167.6212 	DATA 	PLAYER HAS BALL
167.6963 	DATA 	Keypress: c
167.6964 	DATA 	PLAYER THROWS TO 3 - RT 0.0751
167.6964 	DATA 	round 1 - trial 77 - throw: 2to3 - FBALL
169.1073 	DATA 	round 1 - trial 78 - throw: 3to2 - FBALL
169.8766 	DATA 	PLAYER HAS BALL
169.9702 	DATA 	Keypress: b
169.9705 	DATA 	PLAYER THROWS TO 1 - RT 0.0938
169.9705 	DATA 	round 1 - trial 79 - throw: 2to1 - FBALL
170.1625 	DATA 	Keypress: b
171.7690 	DATA 	round 1 - trial 80 - throw: 1to3 - FBALL
175.0149 	DATA 	round 1 - trial 81 - throw: 3to1 - FBALL
176.8468 	DATA 	round 1 - trial 82 - throw: 1to2 - FBALL
177.6338 	DATA 	PLAYER HAS BALL
178.0170 	DATA 	Keypress: c
178.0171 	DATA 	PLAYER THROWS TO 3 - RT 0.3832
178.0171 	DATA 	round 1 - trial 83 - throw: 2to3 - FBALL
179.3904 	DATA 	round 1 - trial 84 - throw: 3to2 - FBALL
180.1587 	DATA 	PLAYER HAS BALL
180.3692 	DATA 	Keypress: b
180.3695 	DATA 	PLAYER THROWS TO 1 - RT 0.2107
180.3695 	DATA 	round 1 - trial 85 - throw: 2to1 - FBALL
180.6338 	DATA 	Keypress: b
183.2470 	DATA 	round 1 - trial 86 - throw: 1to3 - FBALL
187.5662 	DATA 	round 1 - trial 87 - throw: 3to2 - FBALL
188.3342 	DATA 	PLAYER HAS BALL
193.3482 	DATA 	Displaying Round 2 label
195.3595 	DATA 	Starting Round 2
197.4101 	DATA 	Keypress: b
197.5509 	DATA 	round 2 - trial 88 - throw: 1to3 - FBALL
197.6173 	DATA 	Keypress: b
199.2487 	DATA 	round 2 - trial 89 - throw: 3to2 - FBALL
200.0220 	DATA 	PLAYER HAS BALL
200.2103 	DATA 	Keypress: b
200.2105 	DATA 	PLAYER THROWS TO 1 - RT 0.1885
200.2105 	DATA 	round 2 - trial 90 - throw: 2to1 - FBALL
200.4429 	DATA 	Keypress: b
201.9318 	DATA 	round 2 - trial 91 - throw: 1to2 - FBALL
202.7148 	DATA 	PLAYER HAS BALL
202.8333 	DATA 	Keypress: c
202.8334 	DATA 	PLAYER THROWS TO 3 - RT 0.1187
202.8335 	DATA 	round 2 - trial 92 - throw: 2to3 - FBALL
205.4793 	DATA 	round 2 - trial 93 - throw: 3to2 - FBALL
206.2488 	DATA 	PLAYER HAS BALL
206.3862 	DATA 	Keypress: b
206.3865 	DATA 	PLAYER THROWS TO 1 - RT 0.1377
206.3866 	DATA 	round 2 - trial 94 - throw: 2to1 - FBALL
206.6426 	DATA 	Keypress: b
209.0012 	DATA 	round 2 - trial 95 - throw: 1to3 - FBALL
211.7702 	DATA 	round 2 - trial 96 - throw: 3to2 - FBALL
212.5427 	DATA 	PLAYER HAS BALL
213.1539 	DATA 	Keypress: b
213.1542 	DATA 	PLAYER THROWS TO 1 - RT 0.6114
213.1542 	DATA 	round 2 - trial 97 - throw: 2to1 - FBALL
213.4089 	DATA 	Keypress: b
214.7799 	DATA 	round 2 - trial 98 - throw: 1to3 - UBALL
218.9983 	DATA 	round 2 - trial 99 - throw: 3to1 - UBALL
222.3453 	DATA 	round 2 - trial 100 - throw: 1to3 - UBALL
225.0591 	DATA 	round 2 - trial 101 - throw: 3to1 - UBALL
227.4016 	DATA 	round 2 - trial 102 - throw: 1to3 - UBALL
230.9392 	DATA 	round 2 - trial 103 - throw: 3to1 - UBALL
234.9072 	DATA 	round 2 - trial 104 - throw: 1to3 - UBALL
238.0467 	DATA 	round 2 - trial 105 - throw: 3to1 - UBALL
241.3269 	DATA 	round 2 - trial 106 - throw: 1to3 - UBALL
243.1919 	DATA 	round 2 - trial 107 - throw: 3to1 - UBALL
245.9989 	DATA 	round 2 - trial 108 - throw: 1to3 - UBALL
249.8516 	DATA 	round 2 - trial 109 - throw: 3to1 - UBALL
253.9133 	DATA 	round 2 - trial 110 - throw: 1to3 - UBALL
255.5198 	DATA 	round 2 - trial 111 - throw: 3to1 - UBALL
259.2973 	DATA 	round 2 - trial 112 - throw: 1to3 - UBALL
261.8743 	DATA 	round 2 - trial 113 - throw: 3to1 - UBALL
264.4084 	DATA 	round 2 - trial 114 - throw: 1to3 - UBALL
267.7882 	DATA 	round 2 - trial 115 - throw: 3to1 - UBALL
270.5770 	DATA 	round 2 - trial 116 - throw: 1to3 - UBALL
273.0996 	DATA 	round 2 - trial 117 - throw: 3to1 - UBALL
276.1855 	DATA 	round 2 - trial 118 - throw: 1to3 - UBALL
278.4589 	DATA 	round 2 - trial 119 - throw: 3to1 - UBALL
280.4272 	DATA 	round 2 - trial 120 - throw: 1to3 - UBALL
284.2614 	DATA 	round 2 - trial 121 - throw: 3to1 - UBALL
286.2870 	DATA 	round 2 - trial 122 - throw: 1to3 - UBALL
290.3278 	DATA 	round 2 - trial 123 - throw: 3to1 - UBALL
294.2303 	DATA 	round 2 - trial 124 - throw: 1to3 - UBALL
297.3256 	DATA 	round 2 - trial 125 - throw: 3to1 - UBALL
298.8963 	DATA 	round 2 - trial 126 - throw: 1to3 - UBALL
300.2690 	DATA 	round 2 - trial 127 - throw: 3to1 - UBALL
302.6426 	DATA 	round 2 - trial 128 - throw: 1to3 - UBALL
306.0468 	DATA 	round 2 - trial 129 - throw: 3to1 - UBALL
307.4796 	DATA 	round 2 - trial 130 - throw: 1to3 - UBALL
309.3720 	DATA 	round 2 - trial 131 - throw: 3to1 - UBALL
311.5563 	DATA 	round 2 - trial 132 - throw: 1to3 - UBALL
314.0680 	DATA 	round 2 - trial 133 - throw: 3to1 - UBALL
318.2865 	DATA 	round 2 - trial 134 - throw: 1to3 - UBALL
319.7435 	DATA 	round 2 - trial 135 - throw: 3to1 - UBALL
322.6797 	DATA 	round 2 - trial 136 - throw: 1to3 - UBALL
325.4071 	DATA 	round 2 - trial 137 - throw: 3to1 - UBALL
327.1793 	DATA 	round 2 - trial 138 - throw: 1to3 - UBALL
330.1616 	DATA 	round 2 - trial 139 - throw: 3to1 - UBALL
333.0004 	DATA 	round 2 - trial 140 - throw: 1to3 - UBALL
336.5561 	DATA 	round 2 - trial 141 - throw: 3to1 - UBALL
338.1278 	DATA 	round 2 - trial 142 - throw: 1to3 - UBALL
341.3035 	DATA 	round 2 - trial 143 - throw: 3to1 - UBALL
343.3438 	DATA 	round 2 - trial 144 - throw: 1to3 - UBALL
345.3187 	DATA 	round 2 - trial 145 - throw: 3to1 - UBALL
349.2571 	DATA 	round 2 - trial 146 - throw: 1to3 - UBALL
352.3315 	DATA 	round 2 - trial 147 - throw: 3to1 - UBALL
354.7769 	DATA 	round 2 - trial 148 - throw: 1to3 - UBALL
358.3618 	DATA 	round 2 - trial 149 - throw: 3to1 - UBALL
362.3428 	DATA 	round 2 - trial 150 - throw: 1to3 - UBALL
364.2358 	DATA 	round 2 - trial 151 - throw: 3to1 - UBALL
365.7966 	DATA 	round 2 - trial 152 - throw: 1to3 - UBALL
367.9526 	DATA 	round 2 - trial 153 - throw: 3to1 - UBALL
370.1893 	DATA 	round 2 - trial 154 - throw: 1to3 - UBALL
371.5643 	DATA 	round 2 - trial 155 - throw: 3to1 - UBALL
387.0414 	DATA 	END
