30.0567 	WARNING 	User requested fullscreen with size [800 600], but screen is actually [1366, 768]. Using actual size
31.7616 	WARNING 	TextStim.alignHoriz is deprecated. Use alignText and anchorHoriz attributes instead
31.7628 	WARNING 	TextStim.alignHoriz is deprecated. Use alignText and anchorHoriz attributes instead
31.7638 	WARNING 	TextStim.alignHoriz is deprecated. Use alignText and anchorHoriz attributes instead
31.7647 	WARNING 	TextStim.alignHoriz is deprecated. Use alignText and anchorHoriz attributes instead
31.7666 	WARNING 	TextStim.alignHoriz is deprecated. Use alignText and anchorHoriz attributes instead
0.0006 	DATA 	START
8.0063 	DATA 	Displaying Round 1 label
10.0216 	DATA 	Starting Round 1
12.0709 	DATA 	round 1 - trial 0 - throw: 1to2 - FBALL
12.9052 	DATA 	PLAYER HAS BALL
13.8003 	DATA 	Keypress: c
13.8004 	DATA 	PLAYER THROWS TO 3 - RT 0.8952
13.8004 	DATA 	round 1 - trial 1 - throw: 2to3 - FBALL
17.8299 	DATA 	round 1 - trial 2 - throw: 3to1 - FBALL
21.1977 	DATA 	round 1 - trial 3 - throw: 1to2 - FBALL
21.9712 	DATA 	PLAYER HAS BALL
22.9685 	DATA 	Keypress: b
22.9687 	DATA 	PLAYER THROWS TO 1 - RT 0.9974
22.9687 	DATA 	round 1 - trial 4 - throw: 2to1 - FBALL
23.2410 	DATA 	Keypress: b
27.0097 	DATA 	round 1 - trial 5 - throw: 1to2 - FBALL
27.7826 	DATA 	PLAYER HAS BALL
28.3599 	DATA 	Keypress: c
28.3601 	DATA 	PLAYER THROWS TO 3 - RT 0.5775
28.3601 	DATA 	round 1 - trial 6 - throw: 2to3 - FBALL
30.8707 	DATA 	round 1 - trial 7 - throw: 3to2 - FBALL
31.6841 	DATA 	PLAYER HAS BALL
32.3510 	DATA 	Keypress: b
32.3512 	DATA 	PLAYER THROWS TO 1 - RT 0.6671
32.3512 	DATA 	round 1 - trial 8 - throw: 2to1 - FBALL
32.6239 	DATA 	Keypress: b
35.5886 	DATA 	round 1 - trial 9 - throw: 1to2 - FBALL
36.3620 	DATA 	PLAYER HAS BALL
37.1436 	DATA 	Keypress: c
37.1439 	DATA 	PLAYER THROWS TO 3 - RT 0.7818
37.1439 	DATA 	round 1 - trial 10 - throw: 2to3 - FBALL
40.1958 	DATA 	round 1 - trial 11 - throw: 3to1 - FBALL
41.8581 	DATA 	round 1 - trial 12 - throw: 1to3 - FBALL
43.5248 	DATA 	round 1 - trial 13 - throw: 3to2 - FBALL
44.2929 	DATA 	PLAYER HAS BALL
44.6493 	DATA 	Keypress: b
44.6495 	DATA 	PLAYER THROWS TO 1 - RT 0.3565
44.6495 	DATA 	round 1 - trial 14 - throw: 2to1 - FBALL
44.9360 	DATA 	Keypress: b
47.8416 	DATA 	round 1 - trial 15 - throw: 1to2 - FBALL
48.6210 	DATA 	PLAYER HAS BALL
49.2155 	DATA 	Keypress: c
49.2156 	DATA 	PLAYER THROWS TO 3 - RT 0.5946
49.2156 	DATA 	round 1 - trial 16 - throw: 2to3 - FBALL
52.1659 	DATA 	round 1 - trial 17 - throw: 3to2 - FBALL
52.9383 	DATA 	PLAYER HAS BALL
53.3757 	DATA 	Keypress: b
53.3761 	DATA 	PLAYER THROWS TO 1 - RT 0.4378
53.3761 	DATA 	round 1 - trial 18 - throw: 2to1 - FBALL
53.6165 	DATA 	Keypress: b
55.7983 	DATA 	round 1 - trial 19 - throw: 1to2 - FBALL
56.5689 	DATA 	PLAYER HAS BALL
57.0243 	DATA 	Keypress: c
57.0244 	DATA 	PLAYER THROWS TO 3 - RT 0.4555
57.0244 	DATA 	round 1 - trial 20 - throw: 2to3 - FBALL
58.9841 	DATA 	round 1 - trial 21 - throw: 3to1 - FBALL
62.0086 	DATA 	round 1 - trial 22 - throw: 1to3 - FBALL
64.3332 	DATA 	round 1 - trial 23 - throw: 3to2 - FBALL
65.0992 	DATA 	PLAYER HAS BALL
65.4476 	DATA 	Keypress: b
65.4477 	DATA 	PLAYER THROWS TO 1 - RT 0.3485
65.4478 	DATA 	round 1 - trial 24 - throw: 2to1 - FBALL
65.7217 	DATA 	Keypress: b
66.8450 	DATA 	round 1 - trial 25 - throw: 1to2 - FBALL
67.6204 	DATA 	PLAYER HAS BALL
68.1759 	DATA 	Keypress: c
68.1760 	DATA 	PLAYER THROWS TO 3 - RT 0.5555
68.1760 	DATA 	round 1 - trial 26 - throw: 2to3 - FBALL
71.0228 	DATA 	round 1 - trial 27 - throw: 3to2 - FBALL
71.7929 	DATA 	PLAYER HAS BALL
72.1369 	DATA 	Keypress: b
72.1372 	DATA 	PLAYER THROWS TO 1 - RT 0.3443
72.1372 	DATA 	round 1 - trial 28 - throw: 2to1 - FBALL
72.3606 	DATA 	Keypress: b
75.7664 	DATA 	round 1 - trial 29 - throw: 1to2 - FBALL
76.5403 	DATA 	PLAYER HAS BALL
77.2564 	DATA 	Keypress: c
77.2565 	DATA 	PLAYER THROWS TO 3 - RT 0.7162
77.2565 	DATA 	round 1 - trial 30 - throw: 2to3 - FBALL
79.7300 	DATA 	round 1 - trial 31 - throw: 3to1 - FBALL
81.7225 	DATA 	round 1 - trial 32 - throw: 1to3 - FBALL
84.3862 	DATA 	round 1 - trial 33 - throw: 3to1 - FBALL
87.9615 	DATA 	round 1 - trial 34 - throw: 1to3 - FBALL
90.4721 	DATA 	round 1 - trial 35 - throw: 3to2 - FBALL
91.2456 	DATA 	PLAYER HAS BALL
91.9700 	DATA 	Keypress: b
91.9702 	DATA 	PLAYER THROWS TO 1 - RT 0.7245
91.9702 	DATA 	round 1 - trial 36 - throw: 2to1 - FBALL
92.2324 	DATA 	Keypress: b
95.1119 	DATA 	round 1 - trial 37 - throw: 1to2 - FBALL
95.8916 	DATA 	PLAYER HAS BALL
96.3529 	DATA 	Keypress: c
96.3530 	DATA 	PLAYER THROWS TO 3 - RT 0.4614
96.3530 	DATA 	round 1 - trial 38 - throw: 2to3 - FBALL
100.1540 	DATA 	round 1 - trial 39 - throw: 3to2 - FBALL
100.9263 	DATA 	PLAYER HAS BALL
107.3046 	DATA 	Keypress: c
107.3048 	DATA 	PLAYER THROWS TO 3 - RT 6.3785
107.3048 	DATA 	round 1 - trial 40 - throw: 2to3 - FBALL
110.9037 	DATA 	round 1 - trial 41 - throw: 3to1 - FBALL
114.1455 	DATA 	round 1 - trial 42 - throw: 1to3 - FBALL
118.1788 	DATA 	round 1 - trial 43 - throw: 3to1 - FBALL
121.5028 	DATA 	round 1 - trial 44 - throw: 1to2 - FBALL
122.2808 	DATA 	PLAYER HAS BALL
122.5855 	DATA 	Keypress: c
122.5856 	DATA 	PLAYER THROWS TO 3 - RT 0.3048
122.5856 	DATA 	round 1 - trial 45 - throw: 2to3 - FBALL
126.5458 	DATA 	round 1 - trial 46 - throw: 3to2 - FBALL
127.3133 	DATA 	PLAYER HAS BALL
127.4341 	DATA 	Keypress: b
127.4343 	DATA 	PLAYER THROWS TO 1 - RT 0.1209
127.4343 	DATA 	round 1 - trial 47 - throw: 2to1 - FBALL
127.6731 	DATA 	Keypress: b
130.1770 	DATA 	round 1 - trial 48 - throw: 1to3 - FBALL
131.9300 	DATA 	round 1 - trial 49 - throw: 3to2 - FBALL
132.6968 	DATA 	PLAYER HAS BALL
133.0103 	DATA 	Keypress: b
133.0104 	DATA 	PLAYER THROWS TO 1 - RT 0.3136
133.0104 	DATA 	round 1 - trial 50 - throw: 2to1 - FBALL
133.2571 	DATA 	Keypress: b
136.4391 	DATA 	round 1 - trial 51 - throw: 1to2 - FBALL
137.2205 	DATA 	PLAYER HAS BALL
137.4414 	DATA 	Keypress: c
137.4415 	DATA 	PLAYER THROWS TO 3 - RT 0.2210
137.4415 	DATA 	round 1 - trial 52 - throw: 2to3 - FBALL
139.0297 	DATA 	round 1 - trial 53 - throw: 3to1 - FBALL
140.6180 	DATA 	round 1 - trial 54 - throw: 1to2 - FBALL
141.3877 	DATA 	PLAYER HAS BALL
141.6488 	DATA 	Keypress: c
141.6490 	DATA 	PLAYER THROWS TO 3 - RT 0.2613
141.6490 	DATA 	round 1 - trial 55 - throw: 2to3 - FBALL
145.2967 	DATA 	round 1 - trial 56 - throw: 3to1 - FBALL
148.0442 	DATA 	round 1 - trial 57 - throw: 1to2 - FBALL
148.8165 	DATA 	PLAYER HAS BALL
149.2573 	DATA 	Keypress: c
149.2575 	DATA 	PLAYER THROWS TO 3 - RT 0.4409
149.2575 	DATA 	round 1 - trial 58 - throw: 2to3 - FBALL
150.8277 	DATA 	round 1 - trial 59 - throw: 3to2 - FBALL
151.5959 	DATA 	PLAYER HAS BALL
151.8256 	DATA 	Keypress: b
151.8258 	DATA 	PLAYER THROWS TO 1 - RT 0.2298
151.8258 	DATA 	round 1 - trial 60 - throw: 2to1 - FBALL
152.0584 	DATA 	Keypress: b
154.5241 	DATA 	round 1 - trial 61 - throw: 1to3 - FBALL
157.2233 	DATA 	round 1 - trial 62 - throw: 3to2 - FBALL
157.9908 	DATA 	PLAYER HAS BALL
158.3699 	DATA 	Keypress: b
158.3701 	DATA 	PLAYER THROWS TO 1 - RT 0.3793
158.3701 	DATA 	round 1 - trial 63 - throw: 2to1 - FBALL
158.6175 	DATA 	Keypress: b
159.8400 	DATA 	round 1 - trial 64 - throw: 1to2 - FBALL
160.6096 	DATA 	PLAYER HAS BALL
160.8414 	DATA 	Keypress: c
160.8415 	DATA 	PLAYER THROWS TO 3 - RT 0.2319
160.8415 	DATA 	round 1 - trial 65 - throw: 2to3 - FBALL
162.0508 	DATA 	round 1 - trial 66 - throw: 3to2 - FBALL
162.8252 	DATA 	PLAYER HAS BALL
162.9604 	DATA 	Keypress: b
162.9607 	DATA 	PLAYER THROWS TO 1 - RT 0.1355
162.9607 	DATA 	round 1 - trial 67 - throw: 2to1 - FBALL
163.1765 	DATA 	Keypress: b
166.2578 	DATA 	round 1 - trial 68 - throw: 1to2 - FBALL
167.0281 	DATA 	PLAYER HAS BALL
167.2576 	DATA 	Keypress: c
167.2577 	DATA 	PLAYER THROWS TO 3 - RT 0.2296
167.2577 	DATA 	round 1 - trial 69 - throw: 2to3 - FBALL
168.6934 	DATA 	round 1 - trial 70 - throw: 3to2 - FBALL
169.4625 	DATA 	PLAYER HAS BALL
169.5949 	DATA 	Keypress: b
169.5951 	DATA 	PLAYER THROWS TO 1 - RT 0.1325
169.5951 	DATA 	round 1 - trial 71 - throw: 2to1 - FBALL
169.8191 	DATA 	Keypress: b
173.1060 	DATA 	round 1 - trial 72 - throw: 1to3 - FBALL
174.6627 	DATA 	round 1 - trial 73 - throw: 3to1 - FBALL
178.9177 	DATA 	round 1 - trial 74 - throw: 1to2 - FBALL
179.6943 	DATA 	PLAYER HAS BALL
179.9130 	DATA 	Keypress: c
179.9134 	DATA 	PLAYER THROWS TO 3 - RT 0.2190
179.9134 	DATA 	round 1 - trial 75 - throw: 2to3 - FBALL
181.5560 	DATA 	round 1 - trial 76 - throw: 3to2 - FBALL
182.3267 	DATA 	PLAYER HAS BALL
182.4989 	DATA 	Keypress: b
182.4992 	DATA 	PLAYER THROWS TO 1 - RT 0.1724
182.4992 	DATA 	round 1 - trial 77 - throw: 2to1 - FBALL
182.7132 	DATA 	Keypress: b
185.0652 	DATA 	round 1 - trial 78 - throw: 1to3 - FBALL
193.2683 	DATA 	Displaying Round 2 label
195.2757 	DATA 	Starting Round 2
196.5539 	DATA 	round 2 - trial 79 - throw: 1to3 - FBALL
199.2607 	DATA 	round 2 - trial 80 - throw: 3to2 - FBALL
200.0349 	DATA 	PLAYER HAS BALL
200.3790 	DATA 	Keypress: b
200.3792 	DATA 	PLAYER THROWS TO 1 - RT 0.3443
200.3792 	DATA 	round 2 - trial 81 - throw: 2to1 - FBALL
200.6021 	DATA 	Keypress: b
202.5350 	DATA 	round 2 - trial 82 - throw: 1to3 - FBALL
206.7540 	DATA 	round 2 - trial 83 - throw: 3to1 - FBALL
211.0483 	DATA 	round 2 - trial 84 - throw: 1to2 - FBALL
211.8245 	DATA 	PLAYER HAS BALL
212.0335 	DATA 	Keypress: c
212.0337 	DATA 	PLAYER THROWS TO 3 - RT 0.2091
212.0337 	DATA 	round 2 - trial 85 - throw: 2to3 - FBALL
213.8187 	DATA 	round 2 - trial 86 - throw: 3to1 - FBALL
216.7457 	DATA 	round 2 - trial 87 - throw: 1to2 - FBALL
217.5148 	DATA 	PLAYER HAS BALL
217.7453 	DATA 	Keypress: c
217.7455 	DATA 	PLAYER THROWS TO 3 - RT 0.2306
217.7455 	DATA 	round 2 - trial 88 - throw: 2to3 - FBALL
219.1067 	DATA 	round 2 - trial 89 - throw: 3to1 - UBALL
221.7709 	DATA 	round 2 - trial 90 - throw: 1to3 - UBALL
224.0497 	DATA 	round 2 - trial 91 - throw: 3to1 - UBALL
227.0749 	DATA 	round 2 - trial 92 - throw: 1to3 - UBALL
230.7292 	DATA 	round 2 - trial 93 - throw: 3to1 - UBALL
233.3227 	DATA 	round 2 - trial 94 - throw: 1to3 - UBALL
237.2098 	DATA 	round 2 - trial 95 - throw: 3to1 - UBALL
238.7640 	DATA 	round 2 - trial 96 - throw: 1to3 - UBALL
240.9998 	DATA 	round 2 - trial 97 - throw: 3to1 - UBALL
243.8543 	DATA 	round 2 - trial 98 - throw: 1to3 - UBALL
247.3520 	DATA 	round 2 - trial 99 - throw: 3to1 - UBALL
250.2100 	DATA 	round 2 - trial 100 - throw: 1to3 - UBALL
253.0513 	DATA 	round 2 - trial 101 - throw: 3to1 - UBALL
255.8577 	DATA 	round 2 - trial 102 - throw: 1to3 - UBALL
260.1341 	DATA 	round 2 - trial 103 - throw: 3to1 - UBALL
262.9867 	DATA 	round 2 - trial 104 - throw: 1to3 - UBALL
266.0237 	DATA 	round 2 - trial 105 - throw: 3to1 - UBALL
267.4575 	DATA 	round 2 - trial 106 - throw: 1to3 - UBALL
267.7711 	DATA 	Keypress: c
268.8723 	DATA 	Keypress: b
268.8729 	DATA 	Keypress: b
268.9799 	DATA 	Keypress: b
269.0718 	DATA 	round 2 - trial 107 - throw: 3to1 - UBALL
269.2041 	DATA 	Keypress: b
269.2898 	DATA 	Keypress: c
269.7587 	DATA 	Keypress: b
270.3175 	DATA 	Keypress: b
270.3178 	DATA 	Keypress: c
270.3183 	DATA 	Keypress: c
270.4921 	DATA 	Keypress: b
270.5167 	DATA 	round 2 - trial 108 - throw: 1to3 - UBALL
270.7553 	DATA 	Keypress: b
273.5626 	DATA 	round 2 - trial 109 - throw: 3to1 - UBALL
274.9423 	DATA 	round 2 - trial 110 - throw: 1to3 - UBALL
278.9045 	DATA 	round 2 - trial 111 - throw: 3to1 - UBALL
282.0066 	DATA 	round 2 - trial 112 - throw: 1to3 - UBALL
284.4687 	DATA 	round 2 - trial 113 - throw: 3to1 - UBALL
288.2360 	DATA 	round 2 - trial 114 - throw: 1to3 - UBALL
290.6560 	DATA 	round 2 - trial 115 - throw: 3to1 - UBALL
294.4127 	DATA 	round 2 - trial 116 - throw: 1to3 - UBALL
297.7892 	DATA 	round 2 - trial 117 - throw: 3to1 - UBALL
300.1252 	DATA 	round 2 - trial 118 - throw: 1to3 - UBALL
303.2717 	DATA 	round 2 - trial 119 - throw: 3to1 - UBALL
307.6236 	DATA 	round 2 - trial 120 - throw: 1to3 - UBALL
309.7620 	DATA 	round 2 - trial 121 - throw: 3to1 - UBALL
313.0624 	DATA 	round 2 - trial 122 - throw: 1to3 - UBALL
316.2527 	DATA 	round 2 - trial 123 - throw: 3to1 - UBALL
318.7134 	DATA 	round 2 - trial 124 - throw: 1to3 - UBALL
320.2016 	DATA 	round 2 - trial 125 - throw: 3to1 - UBALL
323.0378 	DATA 	round 2 - trial 126 - throw: 1to3 - UBALL
325.8804 	DATA 	round 2 - trial 127 - throw: 3to1 - UBALL
328.4111 	DATA 	round 2 - trial 128 - throw: 1to3 - UBALL
331.8471 	DATA 	round 2 - trial 129 - throw: 3to1 - UBALL
335.6987 	DATA 	round 2 - trial 130 - throw: 1to3 - UBALL
339.2546 	DATA 	round 2 - trial 131 - throw: 3to1 - UBALL
341.4077 	DATA 	round 2 - trial 132 - throw: 1to3 - UBALL
343.4657 	DATA 	round 2 - trial 133 - throw: 3to1 - UBALL
345.8519 	DATA 	round 2 - trial 134 - throw: 1to3 - UBALL
347.4034 	DATA 	round 2 - trial 135 - throw: 3to1 - UBALL
351.2812 	DATA 	round 2 - trial 136 - throw: 1to3 - UBALL
355.1736 	DATA 	round 2 - trial 137 - throw: 3to1 - UBALL
356.7098 	DATA 	round 2 - trial 138 - throw: 1to3 - UBALL
361.0368 	DATA 	round 2 - trial 139 - throw: 3to1 - UBALL
363.8328 	DATA 	round 2 - trial 140 - throw: 1to3 - UBALL
367.2739 	DATA 	round 2 - trial 141 - throw: 3to1 - UBALL
369.0018 	DATA 	round 2 - trial 142 - throw: 1to3 - UBALL
371.7272 	DATA 	round 2 - trial 143 - throw: 3to1 - UBALL
388.2681 	DATA 	END
