19.2368 	WARNING 	User requested fullscreen with size [800 600], but screen is actually [1366, 768]. Using actual size
21.6483 	WARNING 	TextStim.alignHoriz is deprecated. Use alignText and anchorHoriz attributes instead
21.6498 	WARNING 	TextStim.alignHoriz is deprecated. Use alignText and anchorHoriz attributes instead
21.6514 	WARNING 	TextStim.alignHoriz is deprecated. Use alignText and anchorHoriz attributes instead
21.6532 	WARNING 	TextStim.alignHoriz is deprecated. Use alignText and anchorHoriz attributes instead
21.6561 	WARNING 	TextStim.alignHoriz is deprecated. Use alignText and anchorHoriz attributes instead
0.0002 	DATA 	START
8.0033 	DATA 	Displaying Round 1 label
10.0174 	DATA 	Starting Round 1
11.5797 	DATA 	round 1 - trial 0 - throw: 1to3 - FBALL
14.8461 	DATA 	round 1 - trial 1 - throw: 3to2 - FBALL
15.8401 	DATA 	PLAYER HAS BALL
23.6430 	DATA 	Mouse: Left button down, pos=(619,490)
23.6571 	DATA 	Mouse:  Left button up, pos=(619,490)
23.6793 	DATA 	Mouse: Left button down, pos=(619,490)
23.6867 	DATA 	Mouse:  Left button up, pos=(619,490)
24.8138 	DATA 	Keypress: b
24.8140 	DATA 	PLAYER THROWS TO 1 - RT 8.9738
24.8140 	DATA 	round 1 - trial 2 - throw: 2to1 - FBALL
28.1195 	DATA 	round 1 - trial 3 - throw: 1to2 - FBALL
28.9735 	DATA 	PLAYER HAS BALL
30.6720 	DATA 	Keypress: b
30.6721 	DATA 	PLAYER THROWS TO 1 - RT 1.6986
30.6721 	DATA 	round 1 - trial 4 - throw: 2to1 - FBALL
32.6631 	DATA 	round 1 - trial 5 - throw: 1to3 - FBALL
33.5166 	DATA 	Keypress: q
34.2433 	DATA 	round 1 - trial 6 - throw: 3to1 - FBALL
36.4519 	DATA 	Keypress: q
36.6507 	DATA 	round 1 - trial 7 - throw: 1to3 - FBALL
39.2056 	DATA 	round 1 - trial 8 - throw: 3to2 - FBALL
40.0375 	DATA 	PLAYER HAS BALL
41.7228 	DATA 	Keypress: c
41.7230 	DATA 	PLAYER THROWS TO 3 - RT 1.6854
41.7230 	DATA 	round 1 - trial 9 - throw: 2to3 - FBALL
44.3570 	DATA 	round 1 - trial 10 - throw: 3to2 - FBALL
45.1891 	DATA 	PLAYER HAS BALL
51.6374 	DATA 	Keypress: b
51.6376 	DATA 	PLAYER THROWS TO 1 - RT 6.4485
51.6376 	DATA 	round 1 - trial 11 - throw: 2to1 - FBALL
54.8122 	DATA 	round 1 - trial 12 - throw: 1to2 - FBALL
55.6651 	DATA 	PLAYER HAS BALL
56.1837 	DATA 	Keypress: c
56.1839 	DATA 	PLAYER THROWS TO 3 - RT 0.5187
56.1839 	DATA 	round 1 - trial 13 - throw: 2to3 - FBALL
57.8347 	DATA 	round 1 - trial 14 - throw: 3to2 - FBALL
57.9079 	DATA 	Keypress: q
58.6666 	DATA 	PLAYER HAS BALL
59.1641 	DATA 	Keypress: q
