18.1985 	WARNING 	User requested fullscreen with size [800 600], but screen is actually [1366, 768]. Using actual size
20.0392 	WARNING 	TextStim.alignHoriz is deprecated. Use alignText and anchorHoriz attributes instead
20.0403 	WARNING 	TextStim.alignHoriz is deprecated. Use alignText and anchorHoriz attributes instead
20.0413 	WARNING 	TextStim.alignHoriz is deprecated. Use alignText and anchorHoriz attributes instead
20.0424 	WARNING 	TextStim.alignHoriz is deprecated. Use alignText and anchorHoriz attributes instead
20.0441 	WARNING 	TextStim.alignHoriz is deprecated. Use alignText and anchorHoriz attributes instead
0.0003 	DATA 	START
8.0040 	DATA 	Displaying Round 1 label
10.0162 	DATA 	Starting Round 1
11.1986 	DATA 	round 1 - trial 0 - throw: 1to3 - FBALL
13.3667 	DATA 	round 1 - trial 1 - throw: 3to1 - FBALL
16.5754 	DATA 	round 1 - trial 2 - throw: 1to3 - FBALL
20.2471 	DATA 	round 1 - trial 3 - throw: 3to1 - FBALL
21.7921 	DATA 	round 1 - trial 4 - throw: 1to2 - FBALL
22.5882 	DATA 	PLAYER HAS BALL
23.0338 	DATA 	Keypress: b
23.0346 	DATA 	PLAYER THROWS TO 1 - RT 0.4463
23.0347 	DATA 	round 1 - trial 5 - throw: 2to1 - FBALL
23.2740 	DATA 	Keypress: b
25.8457 	DATA 	round 1 - trial 6 - throw: 1to2 - FBALL
26.6287 	DATA 	PLAYER HAS BALL
27.6638 	DATA 	Keypress: c
27.6639 	DATA 	PLAYER THROWS TO 3 - RT 1.0352
27.6639 	DATA 	round 1 - trial 7 - throw: 2to3 - FBALL
31.3978 	DATA 	round 1 - trial 8 - throw: 3to1 - FBALL
32.8375 	DATA 	round 1 - trial 9 - throw: 1to3 - FBALL
36.1819 	DATA 	round 1 - trial 10 - throw: 3to1 - FBALL
38.3374 	DATA 	round 1 - trial 11 - throw: 1to3 - FBALL
40.3972 	DATA 	round 1 - trial 12 - throw: 3to1 - FBALL
43.8848 	DATA 	round 1 - trial 13 - throw: 1to3 - FBALL
46.5825 	DATA 	round 1 - trial 14 - throw: 3to2 - FBALL
47.3690 	DATA 	PLAYER HAS BALL
47.6801 	DATA 	Keypress: b
47.6802 	DATA 	PLAYER THROWS TO 1 - RT 0.3112
47.6802 	DATA 	round 1 - trial 15 - throw: 2to1 - FBALL
47.9994 	DATA 	Keypress: b
51.6977 	DATA 	round 1 - trial 16 - throw: 1to3 - FBALL
55.0481 	DATA 	round 1 - trial 17 - throw: 3to1 - FBALL
58.8322 	DATA 	round 1 - trial 18 - throw: 1to2 - FBALL
59.6198 	DATA 	PLAYER HAS BALL
60.2101 	DATA 	Keypress: b
60.2110 	DATA 	PLAYER THROWS TO 1 - RT 0.5912
60.2110 	DATA 	round 1 - trial 19 - throw: 2to1 - FBALL
60.4848 	DATA 	Keypress: b
62.0385 	DATA 	round 1 - trial 20 - throw: 1to3 - FBALL
66.0765 	DATA 	round 1 - trial 21 - throw: 3to1 - FBALL
68.9353 	DATA 	round 1 - trial 22 - throw: 1to2 - FBALL
69.7213 	DATA 	PLAYER HAS BALL
69.9121 	DATA 	Keypress: c
69.9122 	DATA 	PLAYER THROWS TO 3 - RT 0.1909
69.9122 	DATA 	round 1 - trial 23 - throw: 2to3 - FBALL
72.1944 	DATA 	round 1 - trial 24 - throw: 3to1 - FBALL
75.5256 	DATA 	round 1 - trial 25 - throw: 1to2 - FBALL
76.3053 	DATA 	PLAYER HAS BALL
76.6476 	DATA 	Keypress: b
76.6477 	DATA 	PLAYER THROWS TO 1 - RT 0.3423
76.6477 	DATA 	round 1 - trial 26 - throw: 2to1 - FBALL
76.8918 	DATA 	Keypress: b
80.3190 	DATA 	round 1 - trial 27 - throw: 1to3 - FBALL
84.5543 	DATA 	round 1 - trial 28 - throw: 3to2 - FBALL
85.3295 	DATA 	PLAYER HAS BALL
86.0195 	DATA 	Keypress: b
86.0230 	DATA 	PLAYER THROWS TO 1 - RT 0.6935
86.0231 	DATA 	round 1 - trial 29 - throw: 2to1 - FBALL
86.2568 	DATA 	Keypress: b
87.5074 	DATA 	round 1 - trial 30 - throw: 1to2 - FBALL
88.2902 	DATA 	PLAYER HAS BALL
88.6162 	DATA 	Keypress: c
88.6163 	DATA 	PLAYER THROWS TO 3 - RT 0.3261
88.6163 	DATA 	round 1 - trial 31 - throw: 2to3 - FBALL
91.9066 	DATA 	round 1 - trial 32 - throw: 3to2 - FBALL
92.6870 	DATA 	PLAYER HAS BALL
92.8803 	DATA 	Keypress: b
92.8804 	DATA 	PLAYER THROWS TO 1 - RT 0.1934
92.8805 	DATA 	round 1 - trial 33 - throw: 2to1 - FBALL
93.0908 	DATA 	Keypress: b
95.8671 	DATA 	round 1 - trial 34 - throw: 1to2 - FBALL
96.6485 	DATA 	PLAYER HAS BALL
96.8500 	DATA 	Keypress: c
96.8501 	DATA 	PLAYER THROWS TO 3 - RT 0.2016
96.8502 	DATA 	round 1 - trial 35 - throw: 2to3 - FBALL
99.0880 	DATA 	round 1 - trial 36 - throw: 3to2 - FBALL
99.8648 	DATA 	PLAYER HAS BALL
100.1468 	DATA 	Keypress: b
100.1479 	DATA 	PLAYER THROWS TO 1 - RT 0.2831
100.1479 	DATA 	round 1 - trial 37 - throw: 2to1 - FBALL
100.3626 	DATA 	Keypress: b
101.8523 	DATA 	round 1 - trial 38 - throw: 1to2 - FBALL
102.6271 	DATA 	PLAYER HAS BALL
102.8908 	DATA 	Keypress: c
102.8909 	DATA 	PLAYER THROWS TO 3 - RT 0.2638
102.8909 	DATA 	round 1 - trial 39 - throw: 2to3 - FBALL
104.4431 	DATA 	round 1 - trial 40 - throw: 3to1 - FBALL
107.6507 	DATA 	round 1 - trial 41 - throw: 1to2 - FBALL
108.4377 	DATA 	PLAYER HAS BALL
108.5545 	DATA 	Keypress: b
108.5554 	DATA 	PLAYER THROWS TO 1 - RT 0.1177
108.5555 	DATA 	round 1 - trial 42 - throw: 2to1 - FBALL
108.7657 	DATA 	Keypress: b
109.9413 	DATA 	round 1 - trial 43 - throw: 1to2 - FBALL
110.7198 	DATA 	PLAYER HAS BALL
110.8804 	DATA 	Keypress: c
110.8806 	DATA 	PLAYER THROWS TO 3 - RT 0.1607
110.8806 	DATA 	round 1 - trial 44 - throw: 2to3 - FBALL
112.6939 	DATA 	round 1 - trial 45 - throw: 3to1 - FBALL
114.8867 	DATA 	round 1 - trial 46 - throw: 1to2 - FBALL
115.6604 	DATA 	PLAYER HAS BALL
115.9045 	DATA 	Keypress: b
115.9064 	DATA 	PLAYER THROWS TO 1 - RT 0.2460
115.9065 	DATA 	round 1 - trial 47 - throw: 2to1 - FBALL
116.1599 	DATA 	Keypress: b
119.6092 	DATA 	round 1 - trial 48 - throw: 1to2 - FBALL
120.3835 	DATA 	PLAYER HAS BALL
120.5134 	DATA 	Keypress: c
120.5148 	DATA 	PLAYER THROWS TO 3 - RT 0.1312
120.5148 	DATA 	round 1 - trial 49 - throw: 2to3 - FBALL
123.9278 	DATA 	round 1 - trial 50 - throw: 3to1 - FBALL
125.8441 	DATA 	round 1 - trial 51 - throw: 1to3 - FBALL
128.7698 	DATA 	round 1 - trial 52 - throw: 3to1 - FBALL
131.9701 	DATA 	round 1 - trial 53 - throw: 1to2 - FBALL
132.7547 	DATA 	PLAYER HAS BALL
132.8428 	DATA 	Keypress: b
132.8432 	DATA 	PLAYER THROWS TO 1 - RT 0.0885
132.8432 	DATA 	round 1 - trial 54 - throw: 2to1 - FBALL
133.1014 	DATA 	Keypress: b
135.7141 	DATA 	round 1 - trial 55 - throw: 1to2 - FBALL
136.5138 	DATA 	PLAYER HAS BALL
137.3445 	DATA 	Keypress: c
137.3447 	DATA 	PLAYER THROWS TO 3 - RT 0.8309
137.3447 	DATA 	round 1 - trial 56 - throw: 2to3 - FBALL
139.0849 	DATA 	round 1 - trial 57 - throw: 3to2 - FBALL
139.8620 	DATA 	PLAYER HAS BALL
140.0830 	DATA 	Keypress: b
140.0833 	DATA 	PLAYER THROWS TO 1 - RT 0.2212
140.0833 	DATA 	round 1 - trial 58 - throw: 2to1 - FBALL
140.3459 	DATA 	Keypress: b
141.3528 	DATA 	round 1 - trial 59 - throw: 1to3 - FBALL
143.2638 	DATA 	Keypress: c
143.4635 	DATA 	round 1 - trial 60 - throw: 3to1 - FBALL
145.3070 	DATA 	round 1 - trial 61 - throw: 1to2 - FBALL
146.0934 	DATA 	PLAYER HAS BALL
146.3529 	DATA 	Keypress: b
146.3537 	DATA 	PLAYER THROWS TO 1 - RT 0.2603
146.3537 	DATA 	round 1 - trial 62 - throw: 2to1 - FBALL
146.6813 	DATA 	Keypress: b
150.3331 	DATA 	round 1 - trial 63 - throw: 1to3 - FBALL
154.0407 	DATA 	round 1 - trial 64 - throw: 3to2 - FBALL
154.8136 	DATA 	PLAYER HAS BALL
155.4647 	DATA 	Keypress: b
155.4648 	DATA 	PLAYER THROWS TO 1 - RT 0.6513
155.4648 	DATA 	round 1 - trial 65 - throw: 2to1 - FBALL
156.0014 	DATA 	Keypress: b
157.2585 	DATA 	round 1 - trial 66 - throw: 1to2 - FBALL
158.0376 	DATA 	PLAYER HAS BALL
158.7052 	DATA 	Keypress: c
158.7053 	DATA 	PLAYER THROWS TO 3 - RT 0.6677
158.7053 	DATA 	round 1 - trial 67 - throw: 2to3 - FBALL
162.0958 	DATA 	round 1 - trial 68 - throw: 3to1 - FBALL
164.2864 	DATA 	round 1 - trial 69 - throw: 1to2 - FBALL
165.0679 	DATA 	PLAYER HAS BALL
165.7954 	DATA 	Keypress: c
165.7957 	DATA 	PLAYER THROWS TO 3 - RT 0.7278
165.7957 	DATA 	round 1 - trial 70 - throw: 2to3 - FBALL
169.8152 	DATA 	round 1 - trial 71 - throw: 3to1 - FBALL
173.7378 	DATA 	round 1 - trial 72 - throw: 1to3 - FBALL
177.9312 	DATA 	round 1 - trial 73 - throw: 3to1 - FBALL
182.2452 	DATA 	round 1 - trial 74 - throw: 1to2 - FBALL
183.0345 	DATA 	PLAYER HAS BALL
183.3780 	DATA 	Keypress: c
183.3782 	DATA 	PLAYER THROWS TO 3 - RT 0.3437
183.3782 	DATA 	round 1 - trial 75 - throw: 2to3 - FBALL
186.9642 	DATA 	round 1 - trial 76 - throw: 3to2 - FBALL
187.7389 	DATA 	PLAYER HAS BALL
188.0762 	DATA 	Keypress: b
188.0778 	DATA 	PLAYER THROWS TO 1 - RT 0.3388
192.8815 	DATA 	Keypress: b
193.0807 	DATA 	Displaying Round 2 label
195.0883 	DATA 	Starting Round 2
195.8997 	DATA 	round 2 - trial 77 - throw: 1to3 - FBALL
199.3330 	DATA 	round 2 - trial 78 - throw: 3to2 - FBALL
200.0988 	DATA 	Keypress: b
200.1142 	DATA 	PLAYER HAS BALL
200.3639 	DATA 	Keypress: b
200.3640 	DATA 	PLAYER THROWS TO 1 - RT 0.2498
200.3640 	DATA 	round 2 - trial 79 - throw: 2to1 - FBALL
203.1326 	DATA 	round 2 - trial 80 - throw: 1to3 - FBALL
206.0841 	DATA 	round 2 - trial 81 - throw: 3to1 - FBALL
209.0996 	DATA 	round 2 - trial 82 - throw: 1to3 - FBALL
211.4675 	DATA 	round 2 - trial 83 - throw: 3to1 - FBALL
215.4524 	DATA 	round 2 - trial 84 - throw: 1to3 - FBALL
219.0168 	DATA 	round 2 - trial 85 - throw: 3to2 - FBALL
219.7923 	DATA 	PLAYER HAS BALL
219.8984 	DATA 	Keypress: c
219.8985 	DATA 	PLAYER THROWS TO 3 - RT 0.1062
219.8985 	DATA 	round 2 - trial 86 - throw: 2to3 - FBALL
222.3827 	DATA 	round 2 - trial 87 - throw: 3to1 - UBALL
224.4318 	DATA 	round 2 - trial 88 - throw: 1to3 - UBALL
226.7655 	DATA 	round 2 - trial 89 - throw: 3to1 - UBALL
230.1186 	DATA 	round 2 - trial 90 - throw: 1to3 - UBALL
232.6176 	DATA 	round 2 - trial 91 - throw: 3to1 - UBALL
235.7007 	DATA 	round 2 - trial 92 - throw: 1to3 - UBALL
237.7953 	DATA 	round 2 - trial 93 - throw: 3to1 - UBALL
240.6841 	DATA 	round 2 - trial 94 - throw: 1to3 - UBALL
243.2405 	DATA 	round 2 - trial 95 - throw: 3to1 - UBALL
245.6647 	DATA 	round 2 - trial 96 - throw: 1to3 - UBALL
247.8814 	DATA 	round 2 - trial 97 - throw: 3to1 - UBALL
250.1545 	DATA 	round 2 - trial 98 - throw: 1to3 - UBALL
253.8194 	DATA 	round 2 - trial 99 - throw: 3to1 - UBALL
258.1650 	DATA 	round 2 - trial 100 - throw: 1to3 - UBALL
260.7871 	DATA 	round 2 - trial 101 - throw: 3to1 - UBALL
261.5855 	DATA 	Keypress: c
264.4580 	DATA 	round 2 - trial 102 - throw: 1to3 - UBALL
268.6692 	DATA 	round 2 - trial 103 - throw: 3to1 - UBALL
271.6304 	DATA 	round 2 - trial 104 - throw: 1to3 - UBALL
274.4600 	DATA 	round 2 - trial 105 - throw: 3to1 - UBALL
277.2290 	DATA 	round 2 - trial 106 - throw: 1to3 - UBALL
279.5537 	DATA 	round 2 - trial 107 - throw: 3to1 - UBALL
281.4232 	DATA 	round 2 - trial 108 - throw: 1to3 - UBALL
283.7962 	DATA 	round 2 - trial 109 - throw: 3to1 - UBALL
285.7667 	DATA 	round 2 - trial 110 - throw: 1to3 - UBALL
289.4877 	DATA 	round 2 - trial 111 - throw: 3to1 - UBALL
292.5295 	DATA 	round 2 - trial 112 - throw: 1to3 - UBALL
295.1833 	DATA 	round 2 - trial 113 - throw: 3to1 - UBALL
298.7700 	DATA 	round 2 - trial 114 - throw: 1to3 - UBALL
301.9308 	DATA 	round 2 - trial 115 - throw: 3to1 - UBALL
305.0599 	DATA 	round 2 - trial 116 - throw: 1to3 - UBALL
308.3005 	DATA 	round 2 - trial 117 - throw: 3to1 - UBALL
311.8347 	DATA 	round 2 - trial 118 - throw: 1to3 - UBALL
314.8233 	DATA 	round 2 - trial 119 - throw: 3to1 - UBALL
317.5486 	DATA 	round 2 - trial 120 - throw: 1to3 - UBALL
321.0533 	DATA 	round 2 - trial 121 - throw: 3to1 - UBALL
324.4605 	DATA 	round 2 - trial 122 - throw: 1to3 - UBALL
328.7993 	DATA 	round 2 - trial 123 - throw: 3to1 - UBALL
330.1882 	DATA 	round 2 - trial 124 - throw: 1to3 - UBALL
331.7723 	DATA 	round 2 - trial 125 - throw: 3to1 - UBALL
334.4620 	DATA 	round 2 - trial 126 - throw: 1to3 - UBALL
336.0215 	DATA 	round 2 - trial 127 - throw: 3to1 - UBALL
338.8172 	DATA 	round 2 - trial 128 - throw: 1to3 - UBALL
342.2680 	DATA 	round 2 - trial 129 - throw: 3to1 - UBALL
346.3980 	DATA 	round 2 - trial 130 - throw: 1to3 - UBALL
350.3032 	DATA 	round 2 - trial 131 - throw: 3to1 - UBALL
353.4700 	DATA 	round 2 - trial 132 - throw: 1to3 - UBALL
356.0084 	DATA 	round 2 - trial 133 - throw: 3to1 - UBALL
357.9865 	DATA 	round 2 - trial 134 - throw: 1to3 - UBALL
360.7900 	DATA 	round 2 - trial 135 - throw: 3to1 - UBALL
364.7134 	DATA 	round 2 - trial 136 - throw: 1to3 - UBALL
368.0742 	DATA 	round 2 - trial 137 - throw: 3to1 - UBALL
370.1102 	DATA 	round 2 - trial 138 - throw: 1to3 - UBALL
372.9179 	DATA 	round 2 - trial 139 - throw: 3to1 - UBALL
389.5421 	DATA 	END
