27.5504 	WARNING 	User requested fullscreen with size [800 600], but screen is actually [1366, 768]. Using actual size
29.3487 	WARNING 	TextStim.alignHoriz is deprecated. Use alignText and anchorHoriz attributes instead
29.3500 	WARNING 	TextStim.alignHoriz is deprecated. Use alignText and anchorHoriz attributes instead
29.3512 	WARNING 	TextStim.alignHoriz is deprecated. Use alignText and anchorHoriz attributes instead
29.3525 	WARNING 	TextStim.alignHoriz is deprecated. Use alignText and anchorHoriz attributes instead
29.3553 	WARNING 	TextStim.alignHoriz is deprecated. Use alignText and anchorHoriz attributes instead
0.0003 	DATA 	START
8.0041 	DATA 	Displaying Round 1 label
10.0166 	DATA 	Starting Round 1
11.9549 	DATA 	round 1 - trial 0 - throw: 1to2 - FBALL
12.7416 	DATA 	PLAYER HAS BALL
13.1519 	DATA 	Keypress: c
13.1521 	DATA 	PLAYER THROWS TO 3 - RT 0.4105
13.1521 	DATA 	round 1 - trial 1 - throw: 2to3 - FBALL
16.3080 	DATA 	round 1 - trial 2 - throw: 3to2 - FBALL
17.0818 	DATA 	PLAYER HAS BALL
17.3009 	DATA 	Keypress: b
17.3011 	DATA 	PLAYER THROWS TO 1 - RT 0.2192
17.3011 	DATA 	round 1 - trial 3 - throw: 2to1 - FBALL
17.5847 	DATA 	Keypress: b
19.1359 	DATA 	round 1 - trial 4 - throw: 1to2 - FBALL
19.9146 	DATA 	PLAYER HAS BALL
20.4958 	DATA 	Keypress: c
20.4960 	DATA 	PLAYER THROWS TO 3 - RT 0.5813
20.4960 	DATA 	round 1 - trial 5 - throw: 2to3 - FBALL
22.1817 	DATA 	round 1 - trial 6 - throw: 3to2 - FBALL
22.9685 	DATA 	PLAYER HAS BALL
23.8410 	DATA 	Keypress: b
23.8413 	DATA 	PLAYER THROWS TO 1 - RT 0.8728
23.8413 	DATA 	round 1 - trial 7 - throw: 2to1 - FBALL
24.1476 	DATA 	Keypress: b
27.7791 	DATA 	round 1 - trial 8 - throw: 1to2 - FBALL
28.5649 	DATA 	PLAYER HAS BALL
28.7358 	DATA 	Keypress: c
28.7360 	DATA 	PLAYER THROWS TO 3 - RT 0.1711
28.7360 	DATA 	round 1 - trial 9 - throw: 2to3 - FBALL
30.8463 	DATA 	round 1 - trial 10 - throw: 3to1 - FBALL
33.8570 	DATA 	round 1 - trial 11 - throw: 1to2 - FBALL
34.6329 	DATA 	PLAYER HAS BALL
35.7119 	DATA 	Keypress: c
35.7120 	DATA 	PLAYER THROWS TO 3 - RT 1.0790
35.7120 	DATA 	round 1 - trial 12 - throw: 2to3 - FBALL
39.2562 	DATA 	round 1 - trial 13 - throw: 3to1 - FBALL
42.9595 	DATA 	round 1 - trial 14 - throw: 1to3 - FBALL
45.7709 	DATA 	round 1 - trial 15 - throw: 3to1 - FBALL
47.8873 	DATA 	round 1 - trial 16 - throw: 1to2 - FBALL
48.6718 	DATA 	PLAYER HAS BALL
49.0324 	DATA 	Keypress: c
49.0327 	DATA 	PLAYER THROWS TO 3 - RT 0.3609
49.0327 	DATA 	round 1 - trial 17 - throw: 2to3 - FBALL
52.4699 	DATA 	round 1 - trial 18 - throw: 3to2 - FBALL
53.2411 	DATA 	PLAYER HAS BALL
53.5376 	DATA 	Keypress: b
53.5379 	DATA 	PLAYER THROWS TO 1 - RT 0.2968
53.5379 	DATA 	round 1 - trial 19 - throw: 2to1 - FBALL
53.8254 	DATA 	Keypress: b
55.0416 	DATA 	round 1 - trial 20 - throw: 1to3 - FBALL
57.0422 	DATA 	round 1 - trial 21 - throw: 3to2 - FBALL
57.8102 	DATA 	PLAYER HAS BALL
58.0499 	DATA 	Keypress: b
58.0501 	DATA 	PLAYER THROWS TO 1 - RT 0.2399
58.0501 	DATA 	round 1 - trial 22 - throw: 2to1 - FBALL
58.3047 	DATA 	Keypress: b
62.0492 	DATA 	round 1 - trial 23 - throw: 1to2 - FBALL
62.8280 	DATA 	PLAYER HAS BALL
63.0963 	DATA 	Keypress: c
63.0964 	DATA 	PLAYER THROWS TO 3 - RT 0.2685
63.0965 	DATA 	round 1 - trial 24 - throw: 2to3 - FBALL
65.1878 	DATA 	round 1 - trial 25 - throw: 3to2 - FBALL
65.9644 	DATA 	PLAYER HAS BALL
66.2741 	DATA 	Keypress: b
66.2744 	DATA 	PLAYER THROWS TO 1 - RT 0.3100
66.2744 	DATA 	round 1 - trial 26 - throw: 2to1 - FBALL
66.5934 	DATA 	Keypress: b
68.1377 	DATA 	round 1 - trial 27 - throw: 1to2 - FBALL
68.9197 	DATA 	PLAYER HAS BALL
69.2160 	DATA 	Keypress: c
69.2162 	DATA 	PLAYER THROWS TO 3 - RT 0.2964
69.2162 	DATA 	round 1 - trial 28 - throw: 2to3 - FBALL
72.0592 	DATA 	round 1 - trial 29 - throw: 3to1 - FBALL
75.1047 	DATA 	Keypress: c
75.3040 	DATA 	round 1 - trial 30 - throw: 1to3 - FBALL
78.9672 	DATA 	round 1 - trial 31 - throw: 3to1 - FBALL
80.6457 	DATA 	round 1 - trial 32 - throw: 1to2 - FBALL
81.4272 	DATA 	PLAYER HAS BALL
81.5922 	DATA 	Keypress: c
81.5924 	DATA 	PLAYER THROWS TO 3 - RT 0.1651
81.5924 	DATA 	round 1 - trial 33 - throw: 2to3 - FBALL
85.1400 	DATA 	round 1 - trial 34 - throw: 3to2 - FBALL
85.9071 	DATA 	PLAYER HAS BALL
86.3538 	DATA 	Keypress: b
86.3541 	DATA 	PLAYER THROWS TO 1 - RT 0.4471
86.3542 	DATA 	round 1 - trial 35 - throw: 2to1 - FBALL
86.6018 	DATA 	Keypress: b
88.8102 	DATA 	round 1 - trial 36 - throw: 1to3 - FBALL
90.8963 	DATA 	round 1 - trial 37 - throw: 3to1 - FBALL
93.5557 	DATA 	round 1 - trial 38 - throw: 1to2 - FBALL
94.3345 	DATA 	PLAYER HAS BALL
94.6245 	DATA 	Keypress: c
94.6246 	DATA 	PLAYER THROWS TO 3 - RT 0.2901
94.6246 	DATA 	round 1 - trial 39 - throw: 2to3 - FBALL
97.8975 	DATA 	round 1 - trial 40 - throw: 3to1 - FBALL
99.9054 	DATA 	round 1 - trial 41 - throw: 1to2 - FBALL
100.6787 	DATA 	PLAYER HAS BALL
101.0408 	DATA 	Keypress: c
101.0411 	DATA 	PLAYER THROWS TO 3 - RT 0.3623
101.0411 	DATA 	round 1 - trial 42 - throw: 2to3 - FBALL
104.3276 	DATA 	round 1 - trial 43 - throw: 3to1 - FBALL
107.1729 	DATA 	round 1 - trial 44 - throw: 1to2 - FBALL
107.9479 	DATA 	PLAYER HAS BALL
108.7922 	DATA 	Keypress: c
108.7923 	DATA 	PLAYER THROWS TO 3 - RT 0.8444
108.7924 	DATA 	round 1 - trial 45 - throw: 2to3 - FBALL
112.6429 	DATA 	round 1 - trial 46 - throw: 3to1 - FBALL
115.3098 	DATA 	round 1 - trial 47 - throw: 1to2 - FBALL
116.0817 	DATA 	PLAYER HAS BALL
117.3286 	DATA 	Keypress: c
117.3289 	DATA 	PLAYER THROWS TO 3 - RT 1.2472
117.3289 	DATA 	round 1 - trial 48 - throw: 2to3 - FBALL
120.1126 	DATA 	round 1 - trial 49 - throw: 3to1 - FBALL
121.6194 	DATA 	round 1 - trial 50 - throw: 1to2 - FBALL
122.3919 	DATA 	PLAYER HAS BALL
122.6167 	DATA 	Keypress: c
122.6168 	DATA 	PLAYER THROWS TO 3 - RT 0.2249
122.6169 	DATA 	round 1 - trial 51 - throw: 2to3 - FBALL
125.7306 	DATA 	round 1 - trial 52 - throw: 3to2 - FBALL
126.5010 	DATA 	PLAYER HAS BALL
126.8329 	DATA 	Keypress: b
126.8331 	DATA 	PLAYER THROWS TO 1 - RT 0.3321
126.8332 	DATA 	round 1 - trial 53 - throw: 2to1 - FBALL
127.0982 	DATA 	Keypress: b
129.2337 	DATA 	round 1 - trial 54 - throw: 1to2 - FBALL
130.0040 	DATA 	PLAYER HAS BALL
132.8410 	DATA 	Keypress: c
132.8412 	DATA 	PLAYER THROWS TO 3 - RT 2.8371
132.8412 	DATA 	round 1 - trial 55 - throw: 2to3 - FBALL
136.4787 	DATA 	round 1 - trial 56 - throw: 3to1 - FBALL
138.6769 	DATA 	round 1 - trial 57 - throw: 1to3 - FBALL
140.2617 	DATA 	round 1 - trial 58 - throw: 3to1 - FBALL
143.2304 	DATA 	round 1 - trial 59 - throw: 1to2 - FBALL
144.0098 	DATA 	PLAYER HAS BALL
144.2566 	DATA 	Keypress: c
144.2567 	DATA 	PLAYER THROWS TO 3 - RT 0.2468
144.2567 	DATA 	round 1 - trial 60 - throw: 2to3 - FBALL
145.7457 	DATA 	round 1 - trial 61 - throw: 3to2 - FBALL
146.5210 	DATA 	PLAYER HAS BALL
146.9783 	DATA 	Keypress: b
146.9814 	DATA 	PLAYER THROWS TO 1 - RT 0.4604
146.9815 	DATA 	round 1 - trial 62 - throw: 2to1 - FBALL
147.2423 	DATA 	Keypress: b
148.6756 	DATA 	round 1 - trial 63 - throw: 1to3 - FBALL
151.0976 	DATA 	round 1 - trial 64 - throw: 3to1 - FBALL
154.3856 	DATA 	round 1 - trial 65 - throw: 1to3 - FBALL
158.6013 	DATA 	round 1 - trial 66 - throw: 3to1 - FBALL
162.3065 	DATA 	round 1 - trial 67 - throw: 1to2 - FBALL
163.0898 	DATA 	PLAYER HAS BALL
163.4009 	DATA 	Keypress: c
163.4010 	DATA 	PLAYER THROWS TO 3 - RT 0.3112
163.4010 	DATA 	round 1 - trial 68 - throw: 2to3 - FBALL
166.1676 	DATA 	round 1 - trial 69 - throw: 3to1 - FBALL
170.1256 	DATA 	round 1 - trial 70 - throw: 1to2 - FBALL
170.8999 	DATA 	PLAYER HAS BALL
171.1530 	DATA 	Keypress: c
171.1532 	DATA 	PLAYER THROWS TO 3 - RT 0.2532
171.1532 	DATA 	round 1 - trial 71 - throw: 2to3 - FBALL
175.2651 	DATA 	round 1 - trial 72 - throw: 3to2 - FBALL
176.0337 	DATA 	PLAYER HAS BALL
176.5635 	DATA 	Keypress: b
176.5637 	DATA 	PLAYER THROWS TO 1 - RT 0.5300
176.5638 	DATA 	round 1 - trial 73 - throw: 2to1 - FBALL
176.8269 	DATA 	Keypress: b
179.3459 	DATA 	round 1 - trial 74 - throw: 1to3 - FBALL
181.9740 	DATA 	round 1 - trial 75 - throw: 3to1 - FBALL
185.0065 	DATA 	round 1 - trial 76 - throw: 1to3 - FBALL
187.3756 	DATA 	round 1 - trial 77 - throw: 3to2 - FBALL
188.1528 	DATA 	PLAYER HAS BALL
193.1666 	DATA 	Displaying Round 2 label
195.1743 	DATA 	Starting Round 2
197.0412 	DATA 	Keypress: c
197.0685 	DATA 	round 2 - trial 78 - throw: 1to3 - FBALL
199.3439 	DATA 	round 2 - trial 79 - throw: 3to1 - FBALL
203.1007 	DATA 	round 2 - trial 80 - throw: 1to3 - FBALL
206.7317 	DATA 	round 2 - trial 81 - throw: 3to2 - FBALL
207.4989 	DATA 	PLAYER HAS BALL
208.1473 	DATA 	Keypress: b
208.1476 	DATA 	PLAYER THROWS TO 1 - RT 0.6486
208.1476 	DATA 	round 2 - trial 82 - throw: 2to1 - FBALL
208.4348 	DATA 	Keypress: b
211.0817 	DATA 	round 2 - trial 83 - throw: 1to3 - FBALL
213.1176 	DATA 	round 2 - trial 84 - throw: 3to1 - FBALL
215.5584 	DATA 	round 2 - trial 85 - throw: 1to2 - FBALL
216.3373 	DATA 	PLAYER HAS BALL
216.6335 	DATA 	Keypress: c
216.6337 	DATA 	PLAYER THROWS TO 3 - RT 0.2964
216.6337 	DATA 	round 2 - trial 86 - throw: 2to3 - FBALL
218.2507 	DATA 	round 2 - trial 87 - throw: 3to1 - UBALL
220.3344 	DATA 	round 2 - trial 88 - throw: 1to3 - UBALL
222.0053 	DATA 	round 2 - trial 89 - throw: 3to1 - UBALL
225.3531 	DATA 	round 2 - trial 90 - throw: 1to3 - UBALL
228.2122 	DATA 	round 2 - trial 91 - throw: 3to1 - UBALL
231.5389 	DATA 	round 2 - trial 92 - throw: 1to3 - UBALL
233.6224 	DATA 	round 2 - trial 93 - throw: 3to1 - UBALL
236.5878 	DATA 	round 2 - trial 94 - throw: 1to3 - UBALL
240.6137 	DATA 	round 2 - trial 95 - throw: 3to1 - UBALL
243.3017 	DATA 	round 2 - trial 96 - throw: 1to3 - UBALL
247.2413 	DATA 	round 2 - trial 97 - throw: 3to1 - UBALL
251.0224 	DATA 	round 2 - trial 98 - throw: 1to3 - UBALL
254.1759 	DATA 	round 2 - trial 99 - throw: 3to1 - UBALL
257.1776 	DATA 	round 2 - trial 100 - throw: 1to3 - UBALL
259.8664 	DATA 	round 2 - trial 101 - throw: 3to1 - UBALL
261.3704 	DATA 	round 2 - trial 102 - throw: 1to3 - UBALL
263.8029 	DATA 	round 2 - trial 103 - throw: 3to1 - UBALL
268.1388 	DATA 	round 2 - trial 104 - throw: 1to3 - UBALL
270.2311 	DATA 	round 2 - trial 105 - throw: 3to1 - UBALL
272.5008 	DATA 	round 2 - trial 106 - throw: 1to3 - UBALL
274.8588 	DATA 	round 2 - trial 107 - throw: 3to1 - UBALL
276.9236 	DATA 	round 2 - trial 108 - throw: 1to3 - UBALL
280.0614 	DATA 	round 2 - trial 109 - throw: 3to1 - UBALL
283.5322 	DATA 	round 2 - trial 110 - throw: 1to3 - UBALL
287.6891 	DATA 	round 2 - trial 111 - throw: 3to1 - UBALL
289.2731 	DATA 	round 2 - trial 112 - throw: 1to3 - UBALL
291.6483 	DATA 	round 2 - trial 113 - throw: 3to1 - UBALL
295.0694 	DATA 	round 2 - trial 114 - throw: 1to3 - UBALL
297.9316 	DATA 	round 2 - trial 115 - throw: 3to1 - UBALL
301.4415 	DATA 	round 2 - trial 116 - throw: 1to3 - UBALL
303.7297 	DATA 	round 2 - trial 117 - throw: 3to1 - UBALL
306.3170 	DATA 	round 2 - trial 118 - throw: 1to3 - UBALL
307.8146 	DATA 	round 2 - trial 119 - throw: 3to1 - UBALL
311.0885 	DATA 	round 2 - trial 120 - throw: 1to3 - UBALL
312.6396 	DATA 	round 2 - trial 121 - throw: 3to1 - UBALL
315.6078 	DATA 	round 2 - trial 122 - throw: 1to3 - UBALL
318.7322 	DATA 	round 2 - trial 123 - throw: 3to1 - UBALL
320.5121 	DATA 	round 2 - trial 124 - throw: 1to3 - UBALL
324.8569 	DATA 	round 2 - trial 125 - throw: 3to1 - UBALL
328.2957 	DATA 	round 2 - trial 126 - throw: 1to3 - UBALL
330.0705 	DATA 	round 2 - trial 127 - throw: 3to1 - UBALL
332.5790 	DATA 	round 2 - trial 128 - throw: 1to3 - UBALL
335.2021 	DATA 	round 2 - trial 129 - throw: 3to1 - UBALL
339.4030 	DATA 	round 2 - trial 130 - throw: 1to3 - UBALL
342.8320 	DATA 	round 2 - trial 131 - throw: 3to1 - UBALL
344.9421 	DATA 	round 2 - trial 132 - throw: 1to3 - UBALL
348.1853 	DATA 	round 2 - trial 133 - throw: 3to1 - UBALL
351.8789 	DATA 	round 2 - trial 134 - throw: 1to3 - UBALL
354.8284 	DATA 	round 2 - trial 135 - throw: 3to1 - UBALL
356.4823 	DATA 	round 2 - trial 136 - throw: 1to3 - UBALL
360.8056 	DATA 	round 2 - trial 137 - throw: 3to1 - UBALL
363.8240 	DATA 	round 2 - trial 138 - throw: 1to3 - UBALL
367.5531 	DATA 	round 2 - trial 139 - throw: 3to1 - UBALL
369.9917 	DATA 	round 2 - trial 140 - throw: 1to3 - UBALL
386.6003 	DATA 	END
