30.6559 	WARNING 	User requested fullscreen with size [800 600], but screen is actually [1366, 768]. Using actual size
32.7600 	WARNING 	TextStim.alignHoriz is deprecated. Use alignText and anchorHoriz attributes instead
32.7616 	WARNING 	TextStim.alignHoriz is deprecated. Use alignText and anchorHoriz attributes instead
32.7633 	WARNING 	TextStim.alignHoriz is deprecated. Use alignText and anchorHoriz attributes instead
32.7648 	WARNING 	TextStim.alignHoriz is deprecated. Use alignText and anchorHoriz attributes instead
32.7672 	WARNING 	TextStim.alignHoriz is deprecated. Use alignText and anchorHoriz attributes instead
0.0003 	DATA 	START
7.8059 	DATA 	Keypress: c
8.0051 	DATA 	Displaying Round 1 label
10.0195 	DATA 	Starting Round 1
11.2318 	DATA 	round 1 - trial 0 - throw: 1to3 - FBALL
11.7832 	DATA 	Keypress: b
12.0075 	DATA 	Keypress: b
14.2327 	DATA 	Keypress: c
14.2333 	DATA 	Keypress: c
14.4322 	DATA 	round 1 - trial 1 - throw: 3to2 - FBALL
15.3628 	DATA 	PLAYER HAS BALL
19.3592 	DATA 	Keypress: c
19.3594 	DATA 	PLAYER THROWS TO 3 - RT 3.9965
19.3594 	DATA 	round 1 - trial 2 - throw: 2to3 - FBALL
21.0793 	DATA 	Keypress: c
21.1440 	DATA 	round 1 - trial 3 - throw: 3to2 - FBALL
21.9705 	DATA 	PLAYER HAS BALL
22.2871 	DATA 	Keypress: c
22.2873 	DATA 	PLAYER THROWS TO 3 - RT 0.3167
22.2873 	DATA 	round 1 - trial 4 - throw: 2to3 - FBALL
23.6375 	DATA 	round 1 - trial 5 - throw: 3to1 - FBALL
23.6939 	DATA 	Keypress: c
27.5315 	DATA 	Keypress: b
27.5320 	DATA 	Keypress: b
27.5321 	DATA 	Keypress: b
27.7306 	DATA 	round 1 - trial 6 - throw: 1to2 - FBALL
28.6612 	DATA 	PLAYER HAS BALL
29.0395 	DATA 	Keypress: b
29.0396 	DATA 	PLAYER THROWS TO 1 - RT 0.3784
29.0396 	DATA 	round 1 - trial 7 - throw: 2to1 - FBALL
29.2791 	DATA 	Keypress: b
32.5263 	DATA 	Keypress: b
32.5265 	DATA 	Keypress: b
32.5269 	DATA 	Keypress: b
32.5270 	DATA 	Keypress: b
32.7255 	DATA 	round 1 - trial 8 - throw: 1to2 - FBALL
33.4075 	DATA 	Keypress: b
33.5548 	DATA 	PLAYER HAS BALL
34.0713 	DATA 	Keypress: b
34.0716 	DATA 	PLAYER THROWS TO 1 - RT 0.5168
34.0716 	DATA 	round 1 - trial 9 - throw: 2to1 - FBALL
34.4391 	DATA 	Keypress: b
36.2250 	DATA 	Keypress: b
36.2257 	DATA 	Keypress: b
36.2259 	DATA 	Keypress: b
36.4247 	DATA 	round 1 - trial 10 - throw: 1to2 - FBALL
37.2527 	DATA 	PLAYER HAS BALL
37.4794 	DATA 	Keypress: b
37.4795 	DATA 	PLAYER THROWS TO 1 - RT 0.2269
37.4796 	DATA 	round 1 - trial 11 - throw: 2to1 - FBALL
39.1937 	DATA 	Keypress: b
39.3933 	DATA 	round 1 - trial 12 - throw: 1to3 - FBALL
42.1216 	DATA 	Keypress: b
42.1218 	DATA 	Keypress: c
42.3207 	DATA 	round 1 - trial 13 - throw: 3to2 - FBALL
43.1484 	DATA 	PLAYER HAS BALL
43.9271 	DATA 	Keypress: c
43.9273 	DATA 	PLAYER THROWS TO 3 - RT 0.7789
43.9273 	DATA 	round 1 - trial 14 - throw: 2to3 - FBALL
45.7190 	DATA 	Keypress: c
45.9173 	DATA 	round 1 - trial 15 - throw: 3to1 - FBALL
47.4380 	DATA 	round 1 - trial 16 - throw: 1to3 - FBALL
48.2072 	DATA 	Keypress: b
50.6294 	DATA 	Keypress: b
50.6295 	DATA 	Keypress: c
50.6551 	DATA 	Keypress: c
50.8286 	DATA 	round 1 - trial 17 - throw: 3to1 - FBALL
53.2194 	DATA 	Keypress: b
53.4185 	DATA 	round 1 - trial 18 - throw: 1to2 - FBALL
54.2643 	DATA 	PLAYER HAS BALL
54.7353 	DATA 	Keypress: b
54.7354 	DATA 	PLAYER THROWS TO 1 - RT 0.4711
54.7354 	DATA 	round 1 - trial 19 - throw: 2to1 - FBALL
54.9672 	DATA 	Keypress: b
57.3877 	DATA 	Keypress: b
57.3878 	DATA 	Keypress: b
57.5866 	DATA 	round 1 - trial 20 - throw: 1to2 - FBALL
57.8957 	DATA 	Keypress: b
58.4157 	DATA 	PLAYER HAS BALL
58.6474 	DATA 	Keypress: b
58.6477 	DATA 	PLAYER THROWS TO 1 - RT 0.2319
58.6477 	DATA 	round 1 - trial 21 - throw: 2to1 - FBALL
58.8954 	DATA 	Keypress: b
59.0151 	DATA 	Keypress: b
59.1843 	DATA 	Keypress: b
61.0260 	DATA 	Keypress: b
61.2257 	DATA 	round 1 - trial 22 - throw: 1to2 - FBALL
62.0544 	DATA 	PLAYER HAS BALL
62.4874 	DATA 	Keypress: b
62.4875 	DATA 	PLAYER THROWS TO 1 - RT 0.4331
62.4876 	DATA 	round 1 - trial 23 - throw: 2to1 - FBALL
66.3367 	DATA 	Keypress: b
66.3372 	DATA 	Keypress: b
66.3373 	DATA 	Keypress: b
66.3377 	DATA 	Keypress: b
66.3378 	DATA 	Keypress: b
66.5364 	DATA 	round 1 - trial 24 - throw: 1to2 - FBALL
67.3801 	DATA 	PLAYER HAS BALL
67.8315 	DATA 	Keypress: b
67.8316 	DATA 	PLAYER THROWS TO 1 - RT 0.4514
67.8316 	DATA 	round 1 - trial 25 - throw: 2to1 - FBALL
68.1671 	DATA 	Keypress: c
69.9797 	DATA 	Keypress: b
70.1794 	DATA 	round 1 - trial 26 - throw: 1to2 - FBALL
71.0077 	DATA 	PLAYER HAS BALL
71.4157 	DATA 	Keypress: b
71.4158 	DATA 	PLAYER THROWS TO 1 - RT 0.4080
71.4158 	DATA 	round 1 - trial 27 - throw: 2to1 - FBALL
74.1173 	DATA 	Keypress: b
74.3170 	DATA 	round 1 - trial 28 - throw: 1to3 - FBALL
76.9535 	DATA 	Keypress: b
77.1529 	DATA 	round 1 - trial 29 - throw: 3to2 - FBALL
77.4871 	DATA 	Keypress: c
77.9803 	DATA 	PLAYER HAS BALL
80.2872 	DATA 	Keypress: c
80.2874 	DATA 	PLAYER THROWS TO 3 - RT 2.3071
80.2874 	DATA 	round 1 - trial 30 - throw: 2to3 - FBALL
82.2186 	DATA 	round 1 - trial 31 - throw: 3to2 - FBALL
82.5481 	DATA 	Keypress: c
83.0452 	DATA 	PLAYER HAS BALL
85.3512 	DATA 	Keypress: c
85.3514 	DATA 	PLAYER THROWS TO 3 - RT 2.3062
85.3514 	DATA 	round 1 - trial 32 - throw: 2to3 - FBALL
87.4921 	DATA 	Keypress: c
87.6918 	DATA 	round 1 - trial 33 - throw: 3to1 - FBALL
91.4461 	DATA 	Keypress: b
91.6453 	DATA 	round 1 - trial 34 - throw: 1to3 - FBALL
91.8873 	DATA 	Keypress: b
92.5026 	DATA 	Keypress: b
94.9486 	DATA 	Keypress: b
94.9488 	DATA 	Keypress: c
94.9493 	DATA 	Keypress: c
95.1480 	DATA 	round 1 - trial 35 - throw: 3to1 - FBALL
97.7368 	DATA 	Keypress: b
97.9359 	DATA 	round 1 - trial 36 - throw: 1to3 - FBALL
100.9353 	DATA 	Keypress: b
100.9355 	DATA 	Keypress: c
101.1345 	DATA 	round 1 - trial 37 - throw: 3to1 - FBALL
105.1820 	DATA 	Keypress: b
105.3817 	DATA 	round 1 - trial 38 - throw: 1to3 - FBALL
108.6448 	DATA 	Keypress: b
108.6450 	DATA 	Keypress: c
108.8439 	DATA 	round 1 - trial 39 - throw: 3to2 - FBALL
109.6717 	DATA 	PLAYER HAS BALL
110.4152 	DATA 	Keypress: c
110.4153 	DATA 	PLAYER THROWS TO 3 - RT 0.7436
110.4153 	DATA 	round 1 - trial 40 - throw: 2to3 - FBALL
111.6921 	DATA 	round 1 - trial 41 - throw: 3to1 - FBALL
111.7511 	DATA 	Keypress: c
113.3650 	DATA 	Keypress: b
113.5647 	DATA 	round 1 - trial 42 - throw: 1to2 - FBALL
114.4099 	DATA 	PLAYER HAS BALL
114.7759 	DATA 	Keypress: b
114.7760 	DATA 	PLAYER THROWS TO 1 - RT 0.3660
114.7760 	DATA 	round 1 - trial 43 - throw: 2to1 - FBALL
115.1671 	DATA 	Keypress: b
117.9904 	DATA 	Keypress: b
117.9905 	DATA 	Keypress: b
118.1895 	DATA 	round 1 - trial 44 - throw: 1to2 - FBALL
119.0178 	DATA 	PLAYER HAS BALL
119.3359 	DATA 	Keypress: b
119.3360 	DATA 	PLAYER THROWS TO 1 - RT 0.3182
119.3360 	DATA 	round 1 - trial 45 - throw: 2to1 - FBALL
122.3614 	DATA 	Keypress: b
122.5609 	DATA 	round 1 - trial 46 - throw: 1to3 - FBALL
125.0714 	DATA 	Keypress: b
125.0715 	DATA 	Keypress: c
125.2702 	DATA 	round 1 - trial 47 - throw: 3to1 - FBALL
129.2984 	DATA 	Keypress: b
129.4981 	DATA 	round 1 - trial 48 - throw: 1to3 - FBALL
129.6224 	DATA 	Keypress: b
129.8953 	DATA 	Keypress: b
130.2458 	DATA 	Keypress: b
133.6169 	DATA 	Keypress: c
133.8165 	DATA 	round 1 - trial 49 - throw: 3to2 - FBALL
134.6425 	DATA 	PLAYER HAS BALL
135.1111 	DATA 	Keypress: c
135.1112 	DATA 	PLAYER THROWS TO 3 - RT 0.4687
135.1112 	DATA 	round 1 - trial 50 - throw: 2to3 - FBALL
136.3602 	DATA 	Keypress: c
136.5598 	DATA 	round 1 - trial 51 - throw: 3to2 - FBALL
137.3856 	DATA 	PLAYER HAS BALL
139.9351 	DATA 	Keypress: c
139.9352 	DATA 	PLAYER THROWS TO 3 - RT 2.5496
139.9352 	DATA 	round 1 - trial 52 - throw: 2to3 - FBALL
141.1999 	DATA 	round 1 - trial 53 - throw: 3to2 - FBALL
141.3831 	DATA 	Keypress: c
142.0253 	DATA 	PLAYER HAS BALL
142.5350 	DATA 	Keypress: c
142.5352 	DATA 	PLAYER THROWS TO 3 - RT 0.5099
142.5352 	DATA 	round 1 - trial 54 - throw: 2to3 - FBALL
144.1767 	DATA 	Keypress: c
144.3764 	DATA 	round 1 - trial 55 - throw: 3to1 - FBALL
147.7668 	DATA 	Keypress: b
147.9662 	DATA 	round 1 - trial 56 - throw: 1to3 - FBALL
148.1593 	DATA 	Keypress: b
149.9574 	DATA 	Keypress: c
150.1570 	DATA 	round 1 - trial 57 - throw: 3to1 - FBALL
151.9094 	DATA 	Keypress: b
152.1086 	DATA 	round 1 - trial 58 - throw: 1to3 - FBALL
155.3207 	DATA 	Keypress: b
155.3209 	DATA 	Keypress: c
155.5199 	DATA 	round 1 - trial 59 - throw: 3to1 - FBALL
159.2740 	DATA 	Keypress: b
159.4732 	DATA 	round 1 - trial 60 - throw: 1to2 - FBALL
160.3186 	DATA 	PLAYER HAS BALL
160.3675 	DATA 	Keypress: b
160.3676 	DATA 	PLAYER THROWS TO 1 - RT 0.0490
160.3676 	DATA 	round 1 - trial 61 - throw: 2to1 - FBALL
164.0210 	DATA 	Keypress: b
164.0219 	DATA 	Keypress: b
164.2205 	DATA 	round 1 - trial 62 - throw: 1to2 - FBALL
164.3992 	DATA 	Keypress: b
165.0513 	DATA 	PLAYER HAS BALL
165.5595 	DATA 	Keypress: b
165.5596 	DATA 	PLAYER THROWS TO 1 - RT 0.5083
165.5596 	DATA 	round 1 - trial 63 - throw: 2to1 - FBALL
168.5112 	DATA 	Keypress: b
168.7108 	DATA 	round 1 - trial 64 - throw: 1to3 - FBALL
170.4665 	DATA 	Keypress: b
170.4667 	DATA 	Keypress: c
170.6657 	DATA 	round 1 - trial 65 - throw: 3to2 - FBALL
171.5050 	DATA 	PLAYER HAS BALL
174.3512 	DATA 	Keypress: c
174.3513 	DATA 	PLAYER THROWS TO 3 - RT 2.8463
174.3513 	DATA 	round 1 - trial 66 - throw: 2to3 - FBALL
175.6560 	DATA 	round 1 - trial 67 - throw: 3to1 - FBALL
177.4585 	DATA 	Keypress: b
177.6575 	DATA 	round 1 - trial 68 - throw: 1to3 - FBALL
179.9458 	DATA 	Keypress: b
179.9462 	DATA 	Keypress: c
180.1448 	DATA 	round 1 - trial 69 - throw: 3to2 - FBALL
180.9764 	DATA 	PLAYER HAS BALL
182.9751 	DATA 	Keypress: c
182.9753 	DATA 	PLAYER THROWS TO 3 - RT 1.9988
182.9753 	DATA 	round 1 - trial 70 - throw: 2to3 - FBALL
184.9345 	DATA 	Keypress: c
185.1342 	DATA 	round 1 - trial 71 - throw: 3to2 - FBALL
185.9660 	DATA 	PLAYER HAS BALL
187.9751 	DATA 	Keypress: c
187.9752 	DATA 	PLAYER THROWS TO 3 - RT 2.0092
187.9753 	DATA 	round 1 - trial 72 - throw: 2to3 - FBALL
194.1969 	DATA 	Keypress: c
194.1977 	DATA 	Keypress: c
194.3965 	DATA 	Displaying Round 2 label
196.4073 	DATA 	Starting Round 2
199.2332 	DATA 	Keypress: c
199.4329 	DATA 	round 2 - trial 73 - throw: 1to3 - FBALL
201.6630 	DATA 	Keypress: c
201.8069 	DATA 	round 2 - trial 74 - throw: 3to1 - FBALL
203.8958 	DATA 	Keypress: b
204.0945 	DATA 	round 2 - trial 75 - throw: 1to3 - FBALL
206.0247 	DATA 	Keypress: b
206.2237 	DATA 	round 2 - trial 76 - throw: 3to1 - FBALL
206.3270 	DATA 	Keypress: c
209.2628 	DATA 	Keypress: b
209.4617 	DATA 	round 2 - trial 77 - throw: 1to2 - FBALL
209.5294 	DATA 	Keypress: b
210.3077 	DATA 	PLAYER HAS BALL
211.0712 	DATA 	Keypress: b
211.0714 	DATA 	PLAYER THROWS TO 1 - RT 0.7637
211.0715 	DATA 	round 2 - trial 78 - throw: 2to1 - FBALL
212.5494 	DATA 	Keypress: b
212.5496 	DATA 	Keypress: b
212.7487 	DATA 	round 2 - trial 79 - throw: 1to2 - FBALL
213.5769 	DATA 	PLAYER HAS BALL
214.0394 	DATA 	Keypress: b
214.0395 	DATA 	PLAYER THROWS TO 1 - RT 0.4625
214.0395 	DATA 	round 2 - trial 80 - throw: 2to1 - FBALL
215.8712 	DATA 	Keypress: b
215.9409 	DATA 	round 2 - trial 81 - throw: 1to3 - FBALL
219.0673 	DATA 	Keypress: b
219.0674 	DATA 	Keypress: c
219.2664 	DATA 	round 2 - trial 82 - throw: 3to1 - UBALL
222.6637 	DATA 	Keypress: b
222.6645 	DATA 	Keypress: b
222.8634 	DATA 	round 2 - trial 83 - throw: 1to3 - UBALL
224.5854 	DATA 	Keypress: c
224.7851 	DATA 	round 2 - trial 84 - throw: 3to1 - UBALL
227.9443 	DATA 	Keypress: b
227.9450 	DATA 	Keypress: b
228.1440 	DATA 	round 2 - trial 85 - throw: 1to3 - UBALL
230.8731 	DATA 	Keypress: c
231.0728 	DATA 	round 2 - trial 86 - throw: 3to1 - UBALL
233.9003 	DATA 	Keypress: b
233.9010 	DATA 	Keypress: b
234.0999 	DATA 	round 2 - trial 87 - throw: 1to3 - UBALL
236.6760 	DATA 	Keypress: c
236.8756 	DATA 	round 2 - trial 88 - throw: 3to1 - UBALL
238.9843 	DATA 	Keypress: b
238.9851 	DATA 	Keypress: b
239.1840 	DATA 	round 2 - trial 89 - throw: 1to3 - UBALL
240.6062 	DATA 	Keypress: c
240.8059 	DATA 	round 2 - trial 90 - throw: 3to1 - UBALL
243.8862 	DATA 	Keypress: b
243.8867 	DATA 	Keypress: b
243.8869 	DATA 	Keypress: b
244.0851 	DATA 	round 2 - trial 91 - throw: 1to3 - UBALL
244.1753 	DATA 	Keypress: b
246.0925 	DATA 	Keypress: c
246.2922 	DATA 	round 2 - trial 92 - throw: 3to1 - UBALL
250.1414 	DATA 	Keypress: b
250.1421 	DATA 	Keypress: b
250.3351 	DATA 	Keypress: b
250.3410 	DATA 	round 2 - trial 93 - throw: 1to3 - UBALL
250.5433 	DATA 	Keypress: b
252.7092 	DATA 	Keypress: c
252.9089 	DATA 	round 2 - trial 94 - throw: 3to1 - UBALL
255.9340 	DATA 	Keypress: b
255.9346 	DATA 	Keypress: b
256.1336 	DATA 	round 2 - trial 95 - throw: 1to3 - UBALL
258.5039 	DATA 	Keypress: c
258.6389 	DATA 	Keypress: c
258.7035 	DATA 	round 2 - trial 96 - throw: 3to1 - UBALL
261.9153 	DATA 	Keypress: b
261.9160 	DATA 	Keypress: b
262.1150 	DATA 	round 2 - trial 97 - throw: 1to3 - UBALL
264.9159 	DATA 	Keypress: c
265.1156 	DATA 	round 2 - trial 98 - throw: 3to1 - UBALL
268.2127 	DATA 	Keypress: b
268.2133 	DATA 	Keypress: b
268.4124 	DATA 	round 2 - trial 99 - throw: 1to3 - UBALL
270.9813 	DATA 	Keypress: c
271.1809 	DATA 	round 2 - trial 100 - throw: 3to1 - UBALL
272.8240 	DATA 	Keypress: b
273.0237 	DATA 	round 2 - trial 101 - throw: 1to3 - UBALL
273.2952 	DATA 	Keypress: b
276.4705 	DATA 	Keypress: c
276.4713 	DATA 	Keypress: c
276.4718 	DATA 	Keypress: c
276.6702 	DATA 	round 2 - trial 102 - throw: 3to1 - UBALL
278.3314 	DATA 	Keypress: b
278.5311 	DATA 	round 2 - trial 103 - throw: 1to3 - UBALL
279.0874 	DATA 	Keypress: b
281.6925 	DATA 	Keypress: c
281.8921 	DATA 	round 2 - trial 104 - throw: 3to1 - UBALL
282.7417 	DATA 	Keypress: b
283.8395 	DATA 	Keypress: b
283.8512 	DATA 	round 2 - trial 105 - throw: 1to3 - UBALL
286.3800 	DATA 	Keypress: c
286.5797 	DATA 	round 2 - trial 106 - throw: 3to1 - UBALL
290.3240 	DATA 	Keypress: b
290.3248 	DATA 	Keypress: b
290.5237 	DATA 	round 2 - trial 107 - throw: 1to3 - UBALL
294.0451 	DATA 	Keypress: c
294.2448 	DATA 	round 2 - trial 108 - throw: 3to1 - UBALL
294.3683 	DATA 	Keypress: c
296.1384 	DATA 	Keypress: b
296.3379 	DATA 	round 2 - trial 109 - throw: 1to3 - UBALL
298.8190 	DATA 	Keypress: b
298.8195 	DATA 	Keypress: c
299.0180 	DATA 	round 2 - trial 110 - throw: 3to1 - UBALL
301.4470 	DATA 	Keypress: b
301.4477 	DATA 	Keypress: b
301.6468 	DATA 	round 2 - trial 111 - throw: 1to3 - UBALL
305.1369 	DATA 	Keypress: c
305.3365 	DATA 	round 2 - trial 112 - throw: 3to1 - UBALL
305.3564 	DATA 	Keypress: c
307.1828 	DATA 	Keypress: b
307.3825 	DATA 	round 2 - trial 113 - throw: 1to3 - UBALL
310.0619 	DATA 	Keypress: b
310.0620 	DATA 	Keypress: c
310.2609 	DATA 	round 2 - trial 114 - throw: 3to1 - UBALL
312.6211 	DATA 	Keypress: b
312.8208 	DATA 	round 2 - trial 115 - throw: 1to3 - UBALL
313.0871 	DATA 	Keypress: b
316.0665 	DATA 	Keypress: c
316.2661 	DATA 	round 2 - trial 116 - throw: 3to1 - UBALL
319.9246 	DATA 	Keypress: b
319.9252 	DATA 	Keypress: b
320.1242 	DATA 	round 2 - trial 117 - throw: 1to3 - UBALL
322.0123 	DATA 	Keypress: c
322.2120 	DATA 	round 2 - trial 118 - throw: 3to1 - UBALL
326.3942 	DATA 	Keypress: b
326.3948 	DATA 	Keypress: b
326.5191 	DATA 	Keypress: b
326.5938 	DATA 	round 2 - trial 119 - throw: 1to3 - UBALL
326.7990 	DATA 	Keypress: b
329.1600 	DATA 	Keypress: c
329.3597 	DATA 	round 2 - trial 120 - throw: 3to1 - UBALL
332.1193 	DATA 	Keypress: b
332.1200 	DATA 	Keypress: b
332.1202 	DATA 	Keypress: b
332.1207 	DATA 	Keypress: b
332.2311 	DATA 	Keypress: b
332.3190 	DATA 	round 2 - trial 121 - throw: 1to3 - UBALL
332.6074 	DATA 	Keypress: b
336.1368 	DATA 	Keypress: c
336.3365 	DATA 	round 2 - trial 122 - throw: 3to1 - UBALL
338.0866 	DATA 	Keypress: b
338.2863 	DATA 	round 2 - trial 123 - throw: 1to3 - UBALL
338.4104 	DATA 	Keypress: b
341.8801 	DATA 	Keypress: c
342.0071 	DATA 	Keypress: c
342.0798 	DATA 	round 2 - trial 124 - throw: 3to1 - UBALL
345.9401 	DATA 	Keypress: b
345.9407 	DATA 	Keypress: b
345.9409 	DATA 	Keypress: b
346.1396 	DATA 	round 2 - trial 125 - throw: 1to3 - UBALL
346.6950 	DATA 	Keypress: b
348.0070 	DATA 	Keypress: c
348.0126 	DATA 	round 2 - trial 126 - throw: 3to1 - UBALL
350.0437 	DATA 	round 2 - trial 127 - throw: 1to3 - UBALL
350.1270 	DATA 	Keypress: b
350.5509 	DATA 	Keypress: b
353.4782 	DATA 	Keypress: c
353.4789 	DATA 	Keypress: c
353.6779 	DATA 	round 2 - trial 128 - throw: 3to1 - UBALL
356.3991 	DATA 	Keypress: b
356.3998 	DATA 	Keypress: b
356.5988 	DATA 	round 2 - trial 129 - throw: 1to3 - UBALL
360.0596 	DATA 	Keypress: c
360.0605 	DATA 	Keypress: c
360.2593 	DATA 	round 2 - trial 130 - throw: 3to1 - UBALL
362.4572 	DATA 	Keypress: b
362.6554 	DATA 	Keypress: b
362.6569 	DATA 	round 2 - trial 131 - throw: 1to3 - UBALL
366.3486 	DATA 	Keypress: c
366.3494 	DATA 	Keypress: c
366.5483 	DATA 	round 2 - trial 132 - throw: 3to1 - UBALL
367.9192 	DATA 	Keypress: b
368.0051 	DATA 	round 2 - trial 133 - throw: 1to3 - UBALL
370.3661 	DATA 	Keypress: b
370.3662 	DATA 	Keypress: c
370.5652 	DATA 	round 2 - trial 134 - throw: 3to1 - UBALL
372.4477 	DATA 	Keypress: b
372.6470 	DATA 	round 2 - trial 135 - throw: 1to3 - UBALL
376.3777 	DATA 	Keypress: b
376.3779 	DATA 	Keypress: c
381.3808 	DATA 	Keypress: c
388.9607 	DATA 	Keypress: c
389.1604 	DATA 	END
