21.8254 	WARNING 	User requested fullscreen with size [800 600], but screen is actually [1366, 768]. Using actual size
23.5684 	WARNING 	TextStim.alignHoriz is deprecated. Use alignText and anchorHoriz attributes instead
23.5694 	WARNING 	TextStim.alignHoriz is deprecated. Use alignText and anchorHoriz attributes instead
23.5703 	WARNING 	TextStim.alignHoriz is deprecated. Use alignText and anchorHoriz attributes instead
23.5712 	WARNING 	TextStim.alignHoriz is deprecated. Use alignText and anchorHoriz attributes instead
23.5729 	WARNING 	TextStim.alignHoriz is deprecated. Use alignText and anchorHoriz attributes instead
0.0003 	DATA 	START
8.0042 	DATA 	Displaying Round 1 label
10.0174 	DATA 	Starting Round 1
11.5445 	DATA 	round 1 - trial 0 - throw: 1to2 - FBALL
12.3252 	DATA 	PLAYER HAS BALL
12.5278 	DATA 	Keypress: b
12.5280 	DATA 	PLAYER THROWS TO 1 - RT 0.2028
12.5281 	DATA 	round 1 - trial 1 - throw: 2to1 - FBALL
12.8881 	DATA 	Keypress: b
14.2070 	DATA 	round 1 - trial 2 - throw: 1to2 - FBALL
14.9737 	DATA 	PLAYER HAS BALL
15.0717 	DATA 	Keypress: b
15.0720 	DATA 	PLAYER THROWS TO 1 - RT 0.0983
15.0720 	DATA 	round 1 - trial 3 - throw: 2to1 - FBALL
15.4094 	DATA 	Keypress: b
18.4009 	DATA 	round 1 - trial 4 - throw: 1to2 - FBALL
19.1682 	DATA 	PLAYER HAS BALL
19.4560 	DATA 	Keypress: b
19.4562 	DATA 	PLAYER THROWS TO 1 - RT 0.2879
19.4562 	DATA 	round 1 - trial 5 - throw: 2to1 - FBALL
19.9276 	DATA 	Keypress: b
21.0647 	DATA 	round 1 - trial 6 - throw: 1to3 - FBALL
22.9631 	DATA 	round 1 - trial 7 - throw: 3to2 - FBALL
23.7282 	DATA 	PLAYER HAS BALL
24.0873 	DATA 	Keypress: b
24.0876 	DATA 	PLAYER THROWS TO 1 - RT 0.3594
24.0876 	DATA 	round 1 - trial 8 - throw: 2to1 - FBALL
24.4832 	DATA 	Keypress: b
26.2476 	DATA 	round 1 - trial 9 - throw: 1to3 - FBALL
28.7489 	DATA 	round 1 - trial 10 - throw: 3to1 - FBALL
32.6891 	DATA 	round 1 - trial 11 - throw: 1to3 - FBALL
36.5879 	DATA 	round 1 - trial 12 - throw: 3to1 - FBALL
38.3063 	DATA 	round 1 - trial 13 - throw: 1to3 - FBALL
42.1400 	DATA 	round 1 - trial 14 - throw: 3to1 - FBALL
43.5796 	DATA 	round 1 - trial 15 - throw: 1to2 - FBALL
44.3539 	DATA 	PLAYER HAS BALL
44.8235 	DATA 	Keypress: b
44.8237 	DATA 	PLAYER THROWS TO 1 - RT 0.4698
44.8237 	DATA 	round 1 - trial 16 - throw: 2to1 - FBALL
45.1927 	DATA 	Keypress: b
46.5394 	DATA 	round 1 - trial 17 - throw: 1to2 - FBALL
47.3075 	DATA 	PLAYER HAS BALL
47.6721 	DATA 	Keypress: b
47.6725 	DATA 	PLAYER THROWS TO 1 - RT 0.3650
47.6726 	DATA 	round 1 - trial 18 - throw: 2to1 - FBALL
48.0680 	DATA 	Keypress: b
51.3335 	DATA 	round 1 - trial 19 - throw: 1to3 - FBALL
53.0977 	DATA 	round 1 - trial 20 - throw: 3to2 - FBALL
53.8628 	DATA 	PLAYER HAS BALL
54.2247 	DATA 	Keypress: b
54.2249 	DATA 	PLAYER THROWS TO 1 - RT 0.3621
54.2250 	DATA 	round 1 - trial 21 - throw: 2to1 - FBALL
54.5511 	DATA 	Keypress: b
56.2618 	DATA 	round 1 - trial 22 - throw: 1to3 - FBALL
60.3060 	DATA 	round 1 - trial 23 - throw: 3to1 - FBALL
61.7074 	DATA 	round 1 - trial 24 - throw: 1to3 - FBALL
64.4964 	DATA 	round 1 - trial 25 - throw: 3to1 - FBALL
67.9918 	DATA 	round 1 - trial 26 - throw: 1to2 - FBALL
68.7709 	DATA 	PLAYER HAS BALL
69.0810 	DATA 	Keypress: b
69.0812 	DATA 	PLAYER THROWS TO 1 - RT 0.3102
69.0812 	DATA 	round 1 - trial 27 - throw: 2to1 - FBALL
69.4158 	DATA 	Keypress: b
71.7987 	DATA 	round 1 - trial 28 - throw: 1to3 - FBALL
74.2470 	DATA 	round 1 - trial 29 - throw: 3to2 - FBALL
75.0107 	DATA 	PLAYER HAS BALL
75.2725 	DATA 	Keypress: b
75.2727 	DATA 	PLAYER THROWS TO 1 - RT 0.2621
75.2727 	DATA 	round 1 - trial 30 - throw: 2to1 - FBALL
75.5610 	DATA 	Keypress: b
79.0408 	DATA 	round 1 - trial 31 - throw: 1to2 - FBALL
79.8124 	DATA 	PLAYER HAS BALL
80.3916 	DATA 	Keypress: b
80.3918 	DATA 	PLAYER THROWS TO 1 - RT 0.5793
80.3918 	DATA 	round 1 - trial 32 - throw: 2to1 - FBALL
80.7690 	DATA 	Keypress: b
82.3414 	DATA 	round 1 - trial 33 - throw: 1to2 - FBALL
83.1103 	DATA 	PLAYER HAS BALL
83.5921 	DATA 	Keypress: b
83.5923 	DATA 	PLAYER THROWS TO 1 - RT 0.4820
83.5923 	DATA 	round 1 - trial 34 - throw: 2to1 - FBALL
83.9286 	DATA 	Keypress: b
85.2665 	DATA 	round 1 - trial 35 - throw: 1to2 - FBALL
86.0365 	DATA 	PLAYER HAS BALL
86.3524 	DATA 	Keypress: b
86.3526 	DATA 	PLAYER THROWS TO 1 - RT 0.3160
86.3526 	DATA 	round 1 - trial 36 - throw: 2to1 - FBALL
86.6651 	DATA 	Keypress: b
89.0375 	DATA 	round 1 - trial 37 - throw: 1to3 - FBALL
90.5014 	DATA 	round 1 - trial 38 - throw: 3to2 - FBALL
91.2753 	DATA 	PLAYER HAS BALL
91.4175 	DATA 	Keypress: b
91.4177 	DATA 	PLAYER THROWS TO 1 - RT 0.1424
91.4177 	DATA 	round 1 - trial 39 - throw: 2to1 - FBALL
91.8975 	DATA 	Keypress: b
95.0227 	DATA 	round 1 - trial 40 - throw: 1to3 - FBALL
97.9965 	DATA 	round 1 - trial 41 - throw: 3to2 - FBALL
98.7620 	DATA 	PLAYER HAS BALL
99.1295 	DATA 	Keypress: b
99.1297 	DATA 	PLAYER THROWS TO 1 - RT 0.3677
99.1297 	DATA 	round 1 - trial 42 - throw: 2to1 - FBALL
99.5313 	DATA 	Keypress: b
101.0956 	DATA 	round 1 - trial 43 - throw: 1to3 - FBALL
104.2217 	DATA 	round 1 - trial 44 - throw: 3to2 - FBALL
104.9865 	DATA 	PLAYER HAS BALL
105.3374 	DATA 	Keypress: b
105.3377 	DATA 	PLAYER THROWS TO 1 - RT 0.3512
105.3377 	DATA 	round 1 - trial 45 - throw: 2to1 - FBALL
108.6896 	DATA 	Keypress: b
108.8886 	DATA 	round 1 - trial 46 - throw: 1to2 - FBALL
109.6654 	DATA 	PLAYER HAS BALL
110.0246 	DATA 	Keypress: b
110.0247 	DATA 	PLAYER THROWS TO 1 - RT 0.3593
110.0248 	DATA 	round 1 - trial 47 - throw: 2to1 - FBALL
110.4236 	DATA 	Keypress: b
112.8792 	DATA 	round 1 - trial 48 - throw: 1to3 - FBALL
114.5467 	DATA 	round 1 - trial 49 - throw: 3to1 - FBALL
116.1077 	DATA 	round 1 - trial 50 - throw: 1to3 - FBALL
120.1388 	DATA 	round 1 - trial 51 - throw: 3to1 - FBALL
121.8859 	DATA 	round 1 - trial 52 - throw: 1to2 - FBALL
122.6654 	DATA 	PLAYER HAS BALL
123.2240 	DATA 	Keypress: b
123.2241 	DATA 	PLAYER THROWS TO 1 - RT 0.5587
123.2241 	DATA 	round 1 - trial 53 - throw: 2to1 - FBALL
123.8176 	DATA 	Keypress: b
125.4664 	DATA 	round 1 - trial 54 - throw: 1to2 - FBALL
126.2343 	DATA 	PLAYER HAS BALL
127.3138 	DATA 	Keypress: b
127.3140 	DATA 	PLAYER THROWS TO 1 - RT 1.0797
127.3140 	DATA 	round 1 - trial 55 - throw: 2to1 - FBALL
127.6729 	DATA 	Keypress: b
130.3450 	DATA 	round 1 - trial 56 - throw: 1to3 - FBALL
132.6846 	DATA 	round 1 - trial 57 - throw: 3to2 - FBALL
133.4526 	DATA 	PLAYER HAS BALL
134.0255 	DATA 	Keypress: b
134.0257 	DATA 	PLAYER THROWS TO 1 - RT 0.5732
134.0258 	DATA 	round 1 - trial 58 - throw: 2to1 - FBALL
134.4246 	DATA 	Keypress: b
136.6444 	DATA 	round 1 - trial 59 - throw: 1to3 - FBALL
140.3396 	DATA 	round 1 - trial 60 - throw: 3to2 - FBALL
141.1055 	DATA 	PLAYER HAS BALL
141.6261 	DATA 	Keypress: b
141.6262 	DATA 	PLAYER THROWS TO 1 - RT 0.5207
141.6263 	DATA 	round 1 - trial 61 - throw: 2to1 - FBALL
141.9767 	DATA 	Keypress: b
143.6886 	DATA 	round 1 - trial 62 - throw: 1to2 - FBALL
144.4598 	DATA 	PLAYER HAS BALL
144.8821 	DATA 	Keypress: b
144.8823 	DATA 	PLAYER THROWS TO 1 - RT 0.4224
144.8823 	DATA 	round 1 - trial 63 - throw: 2to1 - FBALL
145.2020 	DATA 	Keypress: b
148.9451 	DATA 	round 1 - trial 64 - throw: 1to3 - FBALL
150.8575 	DATA 	round 1 - trial 65 - throw: 3to1 - FBALL
152.8066 	DATA 	round 1 - trial 66 - throw: 1to3 - FBALL
155.3079 	DATA 	round 1 - trial 67 - throw: 3to2 - FBALL
156.0775 	DATA 	PLAYER HAS BALL
156.5765 	DATA 	Keypress: b
156.5766 	DATA 	PLAYER THROWS TO 1 - RT 0.4991
156.5766 	DATA 	round 1 - trial 68 - throw: 2to1 - FBALL
157.0183 	DATA 	Keypress: b
159.7986 	DATA 	round 1 - trial 69 - throw: 1to3 - FBALL
162.0997 	DATA 	round 1 - trial 70 - throw: 3to1 - FBALL
165.9947 	DATA 	round 1 - trial 71 - throw: 1to3 - FBALL
168.2091 	DATA 	round 1 - trial 72 - throw: 3to1 - FBALL
170.0008 	DATA 	round 1 - trial 73 - throw: 1to3 - FBALL
174.2609 	DATA 	round 1 - trial 74 - throw: 3to1 - FBALL
178.2780 	DATA 	round 1 - trial 75 - throw: 1to2 - FBALL
179.0517 	DATA 	PLAYER HAS BALL
179.8507 	DATA 	Keypress: b
179.8509 	DATA 	PLAYER THROWS TO 1 - RT 0.7992
179.8509 	DATA 	round 1 - trial 76 - throw: 2to1 - FBALL
180.1947 	DATA 	Keypress: b
183.4490 	DATA 	round 1 - trial 77 - throw: 1to2 - FBALL
184.2173 	DATA 	PLAYER HAS BALL
184.6345 	DATA 	Keypress: b
184.6348 	DATA 	PLAYER THROWS TO 1 - RT 0.4174
184.6348 	DATA 	round 1 - trial 78 - throw: 2to1 - FBALL
185.0171 	DATA 	Keypress: b
186.9435 	DATA 	round 1 - trial 79 - throw: 1to2 - FBALL
187.7107 	DATA 	PLAYER HAS BALL
189.0172 	DATA 	Keypress: b
189.0173 	DATA 	PLAYER THROWS TO 1 - RT 1.3065
193.8212 	DATA 	Keypress: b
194.0202 	DATA 	Displaying Round 2 label
196.0283 	DATA 	Starting Round 2
197.9546 	DATA 	Keypress: b
198.0948 	DATA 	round 2 - trial 80 - throw: 1to3 - FBALL
198.4660 	DATA 	Keypress: b
199.6047 	DATA 	round 2 - trial 81 - throw: 3to1 - FBALL
202.9858 	DATA 	round 2 - trial 82 - throw: 1to2 - FBALL
203.7631 	DATA 	PLAYER HAS BALL
204.1056 	DATA 	Keypress: b
204.1059 	DATA 	PLAYER THROWS TO 1 - RT 0.3428
204.1060 	DATA 	round 2 - trial 83 - throw: 2to1 - FBALL
204.4324 	DATA 	Keypress: b
207.7985 	DATA 	round 2 - trial 84 - throw: 1to2 - FBALL
208.5674 	DATA 	PLAYER HAS BALL
208.9946 	DATA 	Keypress: b
208.9950 	DATA 	PLAYER THROWS TO 1 - RT 0.4275
208.9950 	DATA 	round 2 - trial 85 - throw: 2to1 - FBALL
209.2992 	DATA 	Keypress: b
212.1398 	DATA 	round 2 - trial 86 - throw: 1to2 - FBALL
212.9088 	DATA 	PLAYER HAS BALL
213.3232 	DATA 	Keypress: b
213.3234 	DATA 	PLAYER THROWS TO 1 - RT 0.4145
213.3234 	DATA 	round 2 - trial 87 - throw: 2to1 - FBALL
213.6259 	DATA 	Keypress: b
216.8229 	DATA 	round 2 - trial 88 - throw: 1to3 - FBALL
218.6826 	DATA 	round 2 - trial 89 - throw: 3to1 - UBALL
221.5116 	DATA 	round 2 - trial 90 - throw: 1to3 - UBALL
225.5736 	DATA 	round 2 - trial 91 - throw: 3to1 - UBALL
227.5185 	DATA 	round 2 - trial 92 - throw: 1to3 - UBALL
230.7156 	DATA 	round 2 - trial 93 - throw: 3to1 - UBALL
233.6467 	DATA 	round 2 - trial 94 - throw: 1to3 - UBALL
235.8558 	DATA 	round 2 - trial 95 - throw: 3to1 - UBALL
239.3915 	DATA 	round 2 - trial 96 - throw: 1to3 - UBALL
241.9921 	DATA 	round 2 - trial 97 - throw: 3to1 - UBALL
245.1577 	DATA 	round 2 - trial 98 - throw: 1to3 - UBALL
248.0704 	DATA 	round 2 - trial 99 - throw: 3to1 - UBALL
250.7792 	DATA 	round 2 - trial 100 - throw: 1to3 - UBALL
252.8935 	DATA 	round 2 - trial 101 - throw: 3to1 - UBALL
254.5086 	DATA 	round 2 - trial 102 - throw: 1to3 - UBALL
258.4009 	DATA 	round 2 - trial 103 - throw: 3to1 - UBALL
261.0933 	DATA 	round 2 - trial 104 - throw: 1to3 - UBALL
263.1885 	DATA 	round 2 - trial 105 - throw: 3to1 - UBALL
266.2836 	DATA 	round 2 - trial 106 - throw: 1to3 - UBALL
270.0838 	DATA 	round 2 - trial 107 - throw: 3to1 - UBALL
272.1476 	DATA 	round 2 - trial 108 - throw: 1to3 - UBALL
275.8038 	DATA 	round 2 - trial 109 - throw: 3to1 - UBALL
278.8442 	DATA 	round 2 - trial 110 - throw: 1to3 - UBALL
280.9849 	DATA 	round 2 - trial 111 - throw: 3to1 - UBALL
283.9637 	DATA 	round 2 - trial 112 - throw: 1to3 - UBALL
288.2089 	DATA 	round 2 - trial 113 - throw: 3to1 - UBALL
289.8165 	DATA 	round 2 - trial 114 - throw: 1to3 - UBALL
291.2587 	DATA 	round 2 - trial 115 - throw: 3to1 - UBALL
292.7362 	DATA 	round 2 - trial 116 - throw: 1to3 - UBALL
295.9289 	DATA 	round 2 - trial 117 - throw: 3to1 - UBALL
300.0965 	DATA 	round 2 - trial 118 - throw: 1to3 - UBALL
303.2547 	DATA 	round 2 - trial 119 - throw: 3to1 - UBALL
307.2682 	DATA 	round 2 - trial 120 - throw: 1to3 - UBALL
311.4602 	DATA 	round 2 - trial 121 - throw: 3to1 - UBALL
313.7091 	DATA 	round 2 - trial 122 - throw: 1to3 - UBALL
315.2718 	DATA 	round 2 - trial 123 - throw: 3to1 - UBALL
316.7057 	DATA 	round 2 - trial 124 - throw: 1to3 - UBALL
320.6065 	DATA 	round 2 - trial 125 - throw: 3to1 - UBALL
322.4320 	DATA 	round 2 - trial 126 - throw: 1to3 - UBALL
325.4082 	DATA 	round 2 - trial 127 - throw: 3to1 - UBALL
329.6631 	DATA 	round 2 - trial 128 - throw: 1to3 - UBALL
331.4492 	DATA 	round 2 - trial 129 - throw: 3to1 - UBALL
332.9016 	DATA 	round 2 - trial 130 - throw: 1to3 - UBALL
335.6261 	DATA 	round 2 - trial 131 - throw: 3to1 - UBALL
337.2241 	DATA 	round 2 - trial 132 - throw: 1to3 - UBALL
340.9372 	DATA 	round 2 - trial 133 - throw: 3to1 - UBALL
343.0847 	DATA 	round 2 - trial 134 - throw: 1to3 - UBALL
345.9275 	DATA 	round 2 - trial 135 - throw: 3to1 - UBALL
347.7771 	DATA 	round 2 - trial 136 - throw: 1to3 - UBALL
351.2762 	DATA 	round 2 - trial 137 - throw: 3to1 - UBALL
353.3406 	DATA 	round 2 - trial 138 - throw: 1to3 - UBALL
356.2936 	DATA 	round 2 - trial 139 - throw: 3to1 - UBALL
359.8349 	DATA 	round 2 - trial 140 - throw: 1to3 - UBALL
361.7992 	DATA 	round 2 - trial 141 - throw: 3to1 - UBALL
366.0021 	DATA 	round 2 - trial 142 - throw: 1to3 - UBALL
368.7738 	DATA 	round 2 - trial 143 - throw: 3to1 - UBALL
372.1651 	DATA 	round 2 - trial 144 - throw: 1to3 - UBALL
387.3107 	DATA 	END
